[23-Mar-2022 20:24:04 Asia/Tokyo] デバッグ：「「「「「「「「「「「「「「「「「「「「「「「「「「「「「「「「「「「「「「「「
[23-Mar-2022 20:24:04 Asia/Tokyo] デバッグ：「　マイページ　
[23-Mar-2022 20:24:04 Asia/Tokyo] デバッグ：「「「「「「「「「「「「「「「「「「「「「「「「「「「「「「「「「「「「「「「「
[23-Mar-2022 20:24:04 Asia/Tokyo] デバッグ：>>>>>>>>>>>>>>>>>>>>>>>>>>>>>>>>>>>>>>>>>>>>>>>> 画面表示処理開始
[23-Mar-2022 20:24:04 Asia/Tokyo] デバッグ：セッションID：nab3ts862j0fctblrskthvdo2o
[23-Mar-2022 20:24:04 Asia/Tokyo] デバッグ：セッション変数の中身：Array
(
    [login_date] => 1648034583
    [login_limit] => 3600
    [user_id] => 22
)

[23-Mar-2022 20:24:04 Asia/Tokyo] デバッグ：現在日時タイムスタンプ：1648034644
[23-Mar-2022 20:24:04 Asia/Tokyo] デバッグ：ログイン期限日時タイムスタンプ：1648038183
[23-Mar-2022 20:24:04 Asia/Tokyo] デバッグ：ログイン済みユーザーです。
[23-Mar-2022 20:24:04 Asia/Tokyo] デバッグ：ログイン有効期限以内です。
[23-Mar-2022 20:24:04 Asia/Tokyo] デバッグ：自分の商品情報を取得します。
[23-Mar-2022 20:24:04 Asia/Tokyo] デバッグ：ユーザーID：22
[23-Mar-2022 20:24:04 Asia/Tokyo] デバッグ：クエリ成功。
[23-Mar-2022 20:24:04 Asia/Tokyo] デバッグ：取得した名所データ：Array
(
    [0] => Array
        (
            [id] => 5
            [name] => サンプル01
            [category_id] => 1
            [comment] => サンプルサンプルサンプルサンプルサンプルサンプルサンプルサンプルサンプルサンプルサンプルサンプルサンプルサンプルサンプルサンプルサンプルサンプルサンプルサンプル
            [pic1] => uploads/083729e06d7c96925469ab1ddb57790b2e957687.jpeg
            [pic2] => uploads/083729e06d7c96925469ab1ddb57790b2e957687.jpeg
            [pic3] => 
            [user_id] => 22
            [delete_flg] => 0
            [create_date] => 2022-03-17 00:27:02
            [update_date] => 2022-03-17 00:27:02
        )

    [1] => Array
        (
            [id] => 6
            [name] => サンプル2
            [category_id] => 3
            [comment] => サンプル2222

            [pic1] => uploads/6183db46312ee379326963a789df9f2286eb6b6a.jpeg
            [pic2] => uploads/6183db46312ee379326963a789df9f2286eb6b6a.jpeg
            [pic3] => uploads/6183db46312ee379326963a789df9f2286eb6b6a.jpeg
            [user_id] => 22
            [delete_flg] => 0
            [create_date] => 2022-03-17 13:48:09
            [update_date] => 2022-03-17 13:48:09
        )

)

[23-Mar-2022 20:24:04 Asia/Tokyo] デバッグ：画面表示処理終了 <<<<<<<<<<<<<<<<<<<<<<<<<<<<<<<<<<<<<<<<<<<<<<<<
[24-Mar-2022 09:28:45 Asia/Tokyo] デバッグ：「「「「「「「「「「「「「「「「「「「「「「「「「「「「「「「「「「「「「「「「
[24-Mar-2022 09:28:45 Asia/Tokyo] デバッグ：「　マイページ　
[24-Mar-2022 09:28:45 Asia/Tokyo] デバッグ：「「「「「「「「「「「「「「「「「「「「「「「「「「「「「「「「「「「「「「「「
[24-Mar-2022 09:28:45 Asia/Tokyo] デバッグ：>>>>>>>>>>>>>>>>>>>>>>>>>>>>>>>>>>>>>>>>>>>>>>>> 画面表示処理開始
[24-Mar-2022 09:28:45 Asia/Tokyo] デバッグ：セッションID：ipbnt0voitmjm4aric6ua0tuv1
[24-Mar-2022 09:28:45 Asia/Tokyo] デバッグ：セッション変数の中身：Array
(
    [login_date] => 1648034644
    [login_limit] => 3600
    [user_id] => 22
)

[24-Mar-2022 09:28:45 Asia/Tokyo] デバッグ：現在日時タイムスタンプ：1648081725
[24-Mar-2022 09:28:45 Asia/Tokyo] デバッグ：ログイン期限日時タイムスタンプ：1648038244
[24-Mar-2022 09:28:45 Asia/Tokyo] デバッグ：ログイン済みユーザーです。
[24-Mar-2022 09:28:45 Asia/Tokyo] デバッグ：ログイン有効期限オーバーです。
[24-Mar-2022 09:28:45 Asia/Tokyo] デバッグ：自分の商品情報を取得します。
[24-Mar-2022 09:28:45 Asia/Tokyo] デバッグ：ユーザーID：22
[24-Mar-2022 09:28:45 Asia/Tokyo] デバッグ：クエリ成功。
[24-Mar-2022 09:28:45 Asia/Tokyo] デバッグ：取得した名所データ：Array
(
    [0] => Array
        (
            [id] => 5
            [name] => サンプル01
            [category_id] => 1
            [comment] => サンプルサンプルサンプルサンプルサンプルサンプルサンプルサンプルサンプルサンプルサンプルサンプルサンプルサンプルサンプルサンプルサンプルサンプルサンプルサンプル
            [pic1] => uploads/083729e06d7c96925469ab1ddb57790b2e957687.jpeg
            [pic2] => uploads/083729e06d7c96925469ab1ddb57790b2e957687.jpeg
            [pic3] => 
            [user_id] => 22
            [delete_flg] => 0
            [create_date] => 2022-03-17 00:27:02
            [update_date] => 2022-03-17 00:27:02
        )

    [1] => Array
        (
            [id] => 6
            [name] => サンプル2
            [category_id] => 3
            [comment] => サンプル2222

            [pic1] => uploads/6183db46312ee379326963a789df9f2286eb6b6a.jpeg
            [pic2] => uploads/6183db46312ee379326963a789df9f2286eb6b6a.jpeg
            [pic3] => uploads/6183db46312ee379326963a789df9f2286eb6b6a.jpeg
            [user_id] => 22
            [delete_flg] => 0
            [create_date] => 2022-03-17 13:48:09
            [update_date] => 2022-03-17 13:48:09
        )

)

[24-Mar-2022 09:28:45 Asia/Tokyo] デバッグ：画面表示処理終了 <<<<<<<<<<<<<<<<<<<<<<<<<<<<<<<<<<<<<<<<<<<<<<<<
[24-Mar-2022 09:28:45 Asia/Tokyo] デバッグ：「「「「「「「「「「「「「「「「「「「「「「「「「「「「「「「「「「「「「「「「
[24-Mar-2022 09:28:45 Asia/Tokyo] デバッグ：「　ログインページ　
[24-Mar-2022 09:28:45 Asia/Tokyo] デバッグ：「「「「「「「「「「「「「「「「「「「「「「「「「「「「「「「「「「「「「「「「
[24-Mar-2022 09:28:45 Asia/Tokyo] デバッグ：>>>>>>>>>>>>>>>>>>>>>>>>>>>>>>>>>>>>>>>>>>>>>>>> 画面表示処理開始
[24-Mar-2022 09:28:45 Asia/Tokyo] デバッグ：セッションID：khd3k408bim3aiiovbk69rq164
[24-Mar-2022 09:28:45 Asia/Tokyo] デバッグ：セッション変数の中身：Array
(
)

[24-Mar-2022 09:28:45 Asia/Tokyo] デバッグ：現在日時タイムスタンプ：1648081725
[24-Mar-2022 09:28:45 Asia/Tokyo] デバッグ：未ログインユーザーです。
[24-Mar-2022 09:28:45 Asia/Tokyo] デバッグ：画面表示処理終了 <<<<<<<<<<<<<<<<<<<<<<<<<<<<<<<<<<<<<<<<<<<<<<<<
[24-Mar-2022 09:28:54 Asia/Tokyo] デバッグ：「「「「「「「「「「「「「「「「「「「「「「「「「「「「「「「「「「「「「「「「
[24-Mar-2022 09:28:54 Asia/Tokyo] デバッグ：「　マイページ　
[24-Mar-2022 09:28:54 Asia/Tokyo] デバッグ：「「「「「「「「「「「「「「「「「「「「「「「「「「「「「「「「「「「「「「「「
[24-Mar-2022 09:28:54 Asia/Tokyo] デバッグ：>>>>>>>>>>>>>>>>>>>>>>>>>>>>>>>>>>>>>>>>>>>>>>>> 画面表示処理開始
[24-Mar-2022 09:28:54 Asia/Tokyo] デバッグ：セッションID：3qs22rgrhhlpkmrnf9jckc1k0f
[24-Mar-2022 09:28:54 Asia/Tokyo] デバッグ：セッション変数の中身：Array
(
)

[24-Mar-2022 09:28:54 Asia/Tokyo] デバッグ：現在日時タイムスタンプ：1648081734
[24-Mar-2022 09:28:54 Asia/Tokyo] デバッグ：未ログインユーザーです。
[24-Mar-2022 09:28:54 Asia/Tokyo] PHP Notice:  Undefined index: user_id in /Applications/MAMP/htdocs/ishimakidokoro/mypage.php on line 18
[24-Mar-2022 09:28:54 Asia/Tokyo] デバッグ：自分の商品情報を取得します。
[24-Mar-2022 09:28:54 Asia/Tokyo] デバッグ：ユーザーID：
[24-Mar-2022 09:28:54 Asia/Tokyo] デバッグ：クエリ成功。
[24-Mar-2022 09:28:54 Asia/Tokyo] デバッグ：取得した名所データ：Array
(
)

[24-Mar-2022 09:28:54 Asia/Tokyo] デバッグ：画面表示処理終了 <<<<<<<<<<<<<<<<<<<<<<<<<<<<<<<<<<<<<<<<<<<<<<<<
[24-Mar-2022 09:28:54 Asia/Tokyo] デバッグ：「「「「「「「「「「「「「「「「「「「「「「「「「「「「「「「「「「「「「「「「
[24-Mar-2022 09:28:54 Asia/Tokyo] デバッグ：「　ログインページ　
[24-Mar-2022 09:28:54 Asia/Tokyo] デバッグ：「「「「「「「「「「「「「「「「「「「「「「「「「「「「「「「「「「「「「「「「
[24-Mar-2022 09:28:54 Asia/Tokyo] デバッグ：>>>>>>>>>>>>>>>>>>>>>>>>>>>>>>>>>>>>>>>>>>>>>>>> 画面表示処理開始
[24-Mar-2022 09:28:54 Asia/Tokyo] デバッグ：セッションID：nffksfmhhcv9vp3h6d3glr9qce
[24-Mar-2022 09:28:54 Asia/Tokyo] デバッグ：セッション変数の中身：Array
(
)

[24-Mar-2022 09:28:54 Asia/Tokyo] デバッグ：現在日時タイムスタンプ：1648081734
[24-Mar-2022 09:28:54 Asia/Tokyo] デバッグ：未ログインユーザーです。
[24-Mar-2022 09:28:54 Asia/Tokyo] デバッグ：画面表示処理終了 <<<<<<<<<<<<<<<<<<<<<<<<<<<<<<<<<<<<<<<<<<<<<<<<
[24-Mar-2022 09:28:58 Asia/Tokyo] デバッグ：「「「「「「「「「「「「「「「「「「「「「「「「「「「「「「「「「「「「「「「「
[24-Mar-2022 09:28:58 Asia/Tokyo] デバッグ：「　ログインページ　
[24-Mar-2022 09:28:58 Asia/Tokyo] デバッグ：「「「「「「「「「「「「「「「「「「「「「「「「「「「「「「「「「「「「「「「「
[24-Mar-2022 09:28:58 Asia/Tokyo] デバッグ：>>>>>>>>>>>>>>>>>>>>>>>>>>>>>>>>>>>>>>>>>>>>>>>> 画面表示処理開始
[24-Mar-2022 09:28:58 Asia/Tokyo] デバッグ：セッションID：b4esuibr1a8tbtkaha8raa3ku9
[24-Mar-2022 09:28:58 Asia/Tokyo] デバッグ：セッション変数の中身：Array
(
)

[24-Mar-2022 09:28:58 Asia/Tokyo] デバッグ：現在日時タイムスタンプ：1648081738
[24-Mar-2022 09:28:58 Asia/Tokyo] デバッグ：未ログインユーザーです。
[24-Mar-2022 09:28:58 Asia/Tokyo] デバッグ：画面表示処理終了 <<<<<<<<<<<<<<<<<<<<<<<<<<<<<<<<<<<<<<<<<<<<<<<<
[24-Mar-2022 09:29:05 Asia/Tokyo] デバッグ：「「「「「「「「「「「「「「「「「「「「「「「「「「「「「「「「「「「「「「「「
[24-Mar-2022 09:29:05 Asia/Tokyo] デバッグ：「　ログインページ　
[24-Mar-2022 09:29:05 Asia/Tokyo] デバッグ：「「「「「「「「「「「「「「「「「「「「「「「「「「「「「「「「「「「「「「「「
[24-Mar-2022 09:29:05 Asia/Tokyo] デバッグ：>>>>>>>>>>>>>>>>>>>>>>>>>>>>>>>>>>>>>>>>>>>>>>>> 画面表示処理開始
[24-Mar-2022 09:29:05 Asia/Tokyo] デバッグ：セッションID：c6ao1roi0g3nmonunphr5vr2od
[24-Mar-2022 09:29:05 Asia/Tokyo] デバッグ：セッション変数の中身：Array
(
)

[24-Mar-2022 09:29:05 Asia/Tokyo] デバッグ：現在日時タイムスタンプ：1648081745
[24-Mar-2022 09:29:05 Asia/Tokyo] デバッグ：未ログインユーザーです。
[24-Mar-2022 09:29:05 Asia/Tokyo] デバッグ：POST送信があります。
[24-Mar-2022 09:29:05 Asia/Tokyo] デバッグ：バリデーションOKです。
[24-Mar-2022 09:29:05 Asia/Tokyo] デバッグ：クエリ成功。
[24-Mar-2022 09:29:05 Asia/Tokyo] デバッグ：クエリ結果の中身：Array
(
    [password] => $2y$10$xCST12DR2JJT6dlKnCiVFetnGxy4bRI7a4DwkUsNq4UdcslDBfzNi
    [id] => 22
)

[24-Mar-2022 09:29:05 Asia/Tokyo] デバッグ：パスワードがマッチしました。
[24-Mar-2022 09:29:05 Asia/Tokyo] デバッグ：ログイン保持にチェックはありません。
[24-Mar-2022 09:29:05 Asia/Tokyo] デバッグ：セッション変数の中身：Array
(
    [login_date] => 1648081745
    [login_limit] => 3600
    [user_id] => 22
)

[24-Mar-2022 09:29:05 Asia/Tokyo] デバッグ：マイページへ遷移します。
[24-Mar-2022 09:29:05 Asia/Tokyo] デバッグ：画面表示処理終了 <<<<<<<<<<<<<<<<<<<<<<<<<<<<<<<<<<<<<<<<<<<<<<<<
[24-Mar-2022 09:29:05 Asia/Tokyo] デバッグ：「「「「「「「「「「「「「「「「「「「「「「「「「「「「「「「「「「「「「「「「
[24-Mar-2022 09:29:05 Asia/Tokyo] デバッグ：「　マイページ　
[24-Mar-2022 09:29:05 Asia/Tokyo] デバッグ：「「「「「「「「「「「「「「「「「「「「「「「「「「「「「「「「「「「「「「「「
[24-Mar-2022 09:29:05 Asia/Tokyo] デバッグ：>>>>>>>>>>>>>>>>>>>>>>>>>>>>>>>>>>>>>>>>>>>>>>>> 画面表示処理開始
[24-Mar-2022 09:29:05 Asia/Tokyo] デバッグ：セッションID：u0290q6de1cqc982faoif46ovn
[24-Mar-2022 09:29:05 Asia/Tokyo] デバッグ：セッション変数の中身：Array
(
    [login_date] => 1648081745
    [login_limit] => 3600
    [user_id] => 22
)

[24-Mar-2022 09:29:05 Asia/Tokyo] デバッグ：現在日時タイムスタンプ：1648081745
[24-Mar-2022 09:29:05 Asia/Tokyo] デバッグ：ログイン期限日時タイムスタンプ：1648085345
[24-Mar-2022 09:29:05 Asia/Tokyo] デバッグ：ログイン済みユーザーです。
[24-Mar-2022 09:29:05 Asia/Tokyo] デバッグ：ログイン有効期限以内です。
[24-Mar-2022 09:29:05 Asia/Tokyo] デバッグ：自分の商品情報を取得します。
[24-Mar-2022 09:29:05 Asia/Tokyo] デバッグ：ユーザーID：22
[24-Mar-2022 09:29:05 Asia/Tokyo] デバッグ：クエリ成功。
[24-Mar-2022 09:29:05 Asia/Tokyo] デバッグ：取得した名所データ：Array
(
    [0] => Array
        (
            [id] => 5
            [name] => サンプル01
            [category_id] => 1
            [comment] => サンプルサンプルサンプルサンプルサンプルサンプルサンプルサンプルサンプルサンプルサンプルサンプルサンプルサンプルサンプルサンプルサンプルサンプルサンプルサンプル
            [pic1] => uploads/083729e06d7c96925469ab1ddb57790b2e957687.jpeg
            [pic2] => uploads/083729e06d7c96925469ab1ddb57790b2e957687.jpeg
            [pic3] => 
            [user_id] => 22
            [delete_flg] => 0
            [create_date] => 2022-03-17 00:27:02
            [update_date] => 2022-03-17 00:27:02
        )

    [1] => Array
        (
            [id] => 6
            [name] => サンプル2
            [category_id] => 3
            [comment] => サンプル2222

            [pic1] => uploads/6183db46312ee379326963a789df9f2286eb6b6a.jpeg
            [pic2] => uploads/6183db46312ee379326963a789df9f2286eb6b6a.jpeg
            [pic3] => uploads/6183db46312ee379326963a789df9f2286eb6b6a.jpeg
            [user_id] => 22
            [delete_flg] => 0
            [create_date] => 2022-03-17 13:48:09
            [update_date] => 2022-03-17 13:48:09
        )

)

[24-Mar-2022 09:29:05 Asia/Tokyo] デバッグ：画面表示処理終了 <<<<<<<<<<<<<<<<<<<<<<<<<<<<<<<<<<<<<<<<<<<<<<<<
[24-Mar-2022 09:29:15 Asia/Tokyo] デバッグ：「「「「「「「「「「「「「「「「「「「「「「「「「「「「「「「「「「「「「「「「
[24-Mar-2022 09:29:15 Asia/Tokyo] デバッグ：「　トップページ　
[24-Mar-2022 09:29:15 Asia/Tokyo] デバッグ：「「「「「「「「「「「「「「「「「「「「「「「「「「「「「「「「「「「「「「「「
[24-Mar-2022 09:29:15 Asia/Tokyo] デバッグ：>>>>>>>>>>>>>>>>>>>>>>>>>>>>>>>>>>>>>>>>>>>>>>>> 画面表示処理開始
[24-Mar-2022 09:29:15 Asia/Tokyo] デバッグ：セッションID：sfa240llar83kei3887h06abap
[24-Mar-2022 09:29:15 Asia/Tokyo] デバッグ：セッション変数の中身：Array
(
    [login_date] => 1648081745
    [login_limit] => 3600
    [user_id] => 22
)

[24-Mar-2022 09:29:15 Asia/Tokyo] デバッグ：現在日時タイムスタンプ：1648081755
[24-Mar-2022 09:29:15 Asia/Tokyo] デバッグ：ログイン期限日時タイムスタンプ：1648085345
[24-Mar-2022 09:29:15 Asia/Tokyo] デバッグ：商品情報を取得します。
[24-Mar-2022 09:29:15 Asia/Tokyo] デバッグ：クエリ成功。
[24-Mar-2022 09:29:15 Asia/Tokyo] デバッグ：SQL：SELECT * FROM famous LIMIT 20 OFFSET 0
[24-Mar-2022 09:29:15 Asia/Tokyo] デバッグ：クエリ成功。
[24-Mar-2022 09:29:15 Asia/Tokyo] デバッグ：カテゴリー情報を取得します。
[24-Mar-2022 09:29:15 Asia/Tokyo] デバッグ：クエリ成功。
[24-Mar-2022 09:29:15 Asia/Tokyo] デバッグ：画面表示処理終了 <<<<<<<<<<<<<<<<<<<<<<<<<<<<<<<<<<<<<<<<<<<<<<<<
[24-Mar-2022 09:29:22 Asia/Tokyo] デバッグ：「「「「「「「「「「「「「「「「「「「「「「「「「「「「「「「「「「「「「「「「
[24-Mar-2022 09:29:22 Asia/Tokyo] デバッグ：「　ログアウトページ　
[24-Mar-2022 09:29:22 Asia/Tokyo] デバッグ：「「「「「「「「「「「「「「「「「「「「「「「「「「「「「「「「「「「「「「「「
[24-Mar-2022 09:29:22 Asia/Tokyo] デバッグ：>>>>>>>>>>>>>>>>>>>>>>>>>>>>>>>>>>>>>>>>>>>>>>>> 画面表示処理開始
[24-Mar-2022 09:29:22 Asia/Tokyo] デバッグ：セッションID：pk30urmik43mfd740e5d3is37f
[24-Mar-2022 09:29:22 Asia/Tokyo] デバッグ：セッション変数の中身：Array
(
    [login_date] => 1648081745
    [login_limit] => 3600
    [user_id] => 22
)

[24-Mar-2022 09:29:22 Asia/Tokyo] デバッグ：現在日時タイムスタンプ：1648081762
[24-Mar-2022 09:29:22 Asia/Tokyo] デバッグ：ログイン期限日時タイムスタンプ：1648085345
[24-Mar-2022 09:29:22 Asia/Tokyo] デバッグ：ログアウトします。
[24-Mar-2022 09:29:22 Asia/Tokyo] デバッグ：ログインページへ遷移します。
[24-Mar-2022 09:29:22 Asia/Tokyo] デバッグ：「「「「「「「「「「「「「「「「「「「「「「「「「「「「「「「「「「「「「「「「
[24-Mar-2022 09:29:22 Asia/Tokyo] デバッグ：「　ログインページ　
[24-Mar-2022 09:29:22 Asia/Tokyo] デバッグ：「「「「「「「「「「「「「「「「「「「「「「「「「「「「「「「「「「「「「「「「
[24-Mar-2022 09:29:22 Asia/Tokyo] デバッグ：>>>>>>>>>>>>>>>>>>>>>>>>>>>>>>>>>>>>>>>>>>>>>>>> 画面表示処理開始
[24-Mar-2022 09:29:22 Asia/Tokyo] デバッグ：セッションID：s6filv1c96mtm0qomaaiephv6p
[24-Mar-2022 09:29:22 Asia/Tokyo] デバッグ：セッション変数の中身：Array
(
)

[24-Mar-2022 09:29:22 Asia/Tokyo] デバッグ：現在日時タイムスタンプ：1648081762
[24-Mar-2022 09:29:22 Asia/Tokyo] デバッグ：未ログインユーザーです。
[24-Mar-2022 09:29:22 Asia/Tokyo] デバッグ：画面表示処理終了 <<<<<<<<<<<<<<<<<<<<<<<<<<<<<<<<<<<<<<<<<<<<<<<<
[24-Mar-2022 09:29:32 Asia/Tokyo] デバッグ：「「「「「「「「「「「「「「「「「「「「「「「「「「「「「「「「「「「「「「「「
[24-Mar-2022 09:29:32 Asia/Tokyo] デバッグ：「　ログインページ　
[24-Mar-2022 09:29:32 Asia/Tokyo] デバッグ：「「「「「「「「「「「「「「「「「「「「「「「「「「「「「「「「「「「「「「「「
[24-Mar-2022 09:29:32 Asia/Tokyo] デバッグ：>>>>>>>>>>>>>>>>>>>>>>>>>>>>>>>>>>>>>>>>>>>>>>>> 画面表示処理開始
[24-Mar-2022 09:29:32 Asia/Tokyo] デバッグ：セッションID：adck6iqvtk3a94qf6ev42htk0j
[24-Mar-2022 09:29:32 Asia/Tokyo] デバッグ：セッション変数の中身：Array
(
)

[24-Mar-2022 09:29:32 Asia/Tokyo] デバッグ：現在日時タイムスタンプ：1648081772
[24-Mar-2022 09:29:32 Asia/Tokyo] デバッグ：未ログインユーザーです。
[24-Mar-2022 09:29:32 Asia/Tokyo] デバッグ：POST送信があります。
[24-Mar-2022 09:29:32 Asia/Tokyo] デバッグ：バリデーションOKです。
[24-Mar-2022 09:29:32 Asia/Tokyo] デバッグ：クエリ成功。
[24-Mar-2022 09:29:32 Asia/Tokyo] デバッグ：クエリ結果の中身：
[24-Mar-2022 09:29:32 Asia/Tokyo] デバッグ：パスワードがアンマッチです。
[24-Mar-2022 09:29:32 Asia/Tokyo] デバッグ：画面表示処理終了 <<<<<<<<<<<<<<<<<<<<<<<<<<<<<<<<<<<<<<<<<<<<<<<<
[24-Mar-2022 09:29:35 Asia/Tokyo] デバッグ：[[[[[[[[[[[[[[[[[[[[[[[[[[[[[[[[[[[[[[[[[[[[[[[[[[[[[
[24-Mar-2022 09:29:35 Asia/Tokyo] デバッグ：「　ユーザー登録ページ　
[24-Mar-2022 09:29:35 Asia/Tokyo] デバッグ：[[[[[[[[[[[[[[[[[[[[[[[[[[[[[[[[[[[[[[[[[[[[[[[[[[[[[
[24-Mar-2022 09:29:35 Asia/Tokyo] デバッグ：>>>>>>>>>>>>>>>>>>>>>>>>>>>>>>>>>>>>>>>>>>>>>>>> 画面表示処理開始
[24-Mar-2022 09:29:35 Asia/Tokyo] デバッグ：セッションID：lkhsbs3ergjnffqh8colk58gj6
[24-Mar-2022 09:29:35 Asia/Tokyo] デバッグ：セッション変数の中身：Array
(
)

[24-Mar-2022 09:29:35 Asia/Tokyo] デバッグ：現在日時タイムスタンプ：1648081775
[24-Mar-2022 09:29:42 Asia/Tokyo] デバッグ：[[[[[[[[[[[[[[[[[[[[[[[[[[[[[[[[[[[[[[[[[[[[[[[[[[[[[
[24-Mar-2022 09:29:42 Asia/Tokyo] デバッグ：「　ユーザー登録ページ　
[24-Mar-2022 09:29:42 Asia/Tokyo] デバッグ：[[[[[[[[[[[[[[[[[[[[[[[[[[[[[[[[[[[[[[[[[[[[[[[[[[[[[
[24-Mar-2022 09:29:42 Asia/Tokyo] デバッグ：>>>>>>>>>>>>>>>>>>>>>>>>>>>>>>>>>>>>>>>>>>>>>>>> 画面表示処理開始
[24-Mar-2022 09:29:42 Asia/Tokyo] デバッグ：セッションID：3vu1jvaij58fdg7uq4469r3sre
[24-Mar-2022 09:29:42 Asia/Tokyo] デバッグ：セッション変数の中身：Array
(
)

[24-Mar-2022 09:29:42 Asia/Tokyo] デバッグ：現在日時タイムスタンプ：1648081782
[24-Mar-2022 09:29:42 Asia/Tokyo] デバッグ：クエリ成功。
[24-Mar-2022 09:29:42 Asia/Tokyo] デバッグ：クエリ成功。
[24-Mar-2022 09:29:42 Asia/Tokyo] デバッグ：セッション変数の中身：Array
(
    [login_date] => 1648081782
    [login_limit] => 3600
    [user_id] => 24
)

[24-Mar-2022 09:29:42 Asia/Tokyo] デバッグ：「「「「「「「「「「「「「「「「「「「「「「「「「「「「「「「「「「「「「「「「
[24-Mar-2022 09:29:42 Asia/Tokyo] デバッグ：「　マイページ　
[24-Mar-2022 09:29:42 Asia/Tokyo] デバッグ：「「「「「「「「「「「「「「「「「「「「「「「「「「「「「「「「「「「「「「「「
[24-Mar-2022 09:29:42 Asia/Tokyo] デバッグ：>>>>>>>>>>>>>>>>>>>>>>>>>>>>>>>>>>>>>>>>>>>>>>>> 画面表示処理開始
[24-Mar-2022 09:29:42 Asia/Tokyo] デバッグ：セッションID：m56touaubbg3cclen1pl14sfk9
[24-Mar-2022 09:29:42 Asia/Tokyo] デバッグ：セッション変数の中身：Array
(
    [login_date] => 1648081782
    [login_limit] => 3600
    [user_id] => 24
)

[24-Mar-2022 09:29:42 Asia/Tokyo] デバッグ：現在日時タイムスタンプ：1648081782
[24-Mar-2022 09:29:42 Asia/Tokyo] デバッグ：ログイン期限日時タイムスタンプ：1648085382
[24-Mar-2022 09:29:42 Asia/Tokyo] デバッグ：ログイン済みユーザーです。
[24-Mar-2022 09:29:42 Asia/Tokyo] デバッグ：ログイン有効期限以内です。
[24-Mar-2022 09:29:42 Asia/Tokyo] デバッグ：自分の商品情報を取得します。
[24-Mar-2022 09:29:42 Asia/Tokyo] デバッグ：ユーザーID：24
[24-Mar-2022 09:29:42 Asia/Tokyo] デバッグ：クエリ成功。
[24-Mar-2022 09:29:42 Asia/Tokyo] デバッグ：取得した名所データ：Array
(
)

[24-Mar-2022 09:29:42 Asia/Tokyo] デバッグ：画面表示処理終了 <<<<<<<<<<<<<<<<<<<<<<<<<<<<<<<<<<<<<<<<<<<<<<<<
[24-Mar-2022 09:29:44 Asia/Tokyo] デバッグ：「「「「「「「「「「「「「「「「「「「「「「「「「「「「「「「「「「「「「「「「
[24-Mar-2022 09:29:44 Asia/Tokyo] デバッグ：「　商品出品登録ページ　
[24-Mar-2022 09:29:44 Asia/Tokyo] デバッグ：「「「「「「「「「「「「「「「「「「「「「「「「「「「「「「「「「「「「「「「「
[24-Mar-2022 09:29:44 Asia/Tokyo] デバッグ：>>>>>>>>>>>>>>>>>>>>>>>>>>>>>>>>>>>>>>>>>>>>>>>> 画面表示処理開始
[24-Mar-2022 09:29:44 Asia/Tokyo] デバッグ：セッションID：sup9rr111315ag2pme8c773ts6
[24-Mar-2022 09:29:44 Asia/Tokyo] デバッグ：セッション変数の中身：Array
(
    [login_date] => 1648081782
    [login_limit] => 3600
    [user_id] => 24
)

[24-Mar-2022 09:29:44 Asia/Tokyo] デバッグ：現在日時タイムスタンプ：1648081784
[24-Mar-2022 09:29:44 Asia/Tokyo] デバッグ：ログイン期限日時タイムスタンプ：1648085382
[24-Mar-2022 09:29:44 Asia/Tokyo] デバッグ：ログイン済みユーザーです。
[24-Mar-2022 09:29:44 Asia/Tokyo] デバッグ：ログイン有効期限以内です。
[24-Mar-2022 09:29:44 Asia/Tokyo] デバッグ：カテゴリー情報を取得します。
[24-Mar-2022 09:29:44 Asia/Tokyo] デバッグ：クエリ成功。
[24-Mar-2022 09:29:44 Asia/Tokyo] デバッグ：名所ID：
[24-Mar-2022 09:29:44 Asia/Tokyo] デバッグ：フォーム用DBデータ：
[24-Mar-2022 09:29:44 Asia/Tokyo] デバッグ：カテゴリデータ：Array
(
    [0] => Array
        (
            [id] => 1
            [name] => 市場
            [delete_flg] => 0
            [create_flg] => 2022-03-02 00:00:00
            [update_date] => 2022-03-02 14:16:39
        )

    [1] => Array
        (
            [id] => 2
            [name] => アミューズメント
            [delete_flg] => 0
            [create_flg] => 2022-03-02 00:00:00
            [update_date] => 2022-03-02 14:17:57
        )

    [2] => Array
        (
            [id] => 3
            [name] => 飲食店
            [delete_flg] => 0
            [create_flg] => 2022-03-02 00:00:00
            [update_date] => 2022-03-02 14:18:26
        )

    [3] => Array
        (
            [id] => 4
            [name] => 観光地
            [delete_flg] => 0
            [create_flg] => 2022-03-02 00:00:00
            [update_date] => 2022-03-02 14:18:38
        )

)

[24-Mar-2022 09:29:44 Asia/Tokyo] デバッグ：画面表示処理終了 <<<<<<<<<<<<<<<<<<<<<<<<<<<<<<<<<<<<<<<<<<<<<<<<<<<<<<<<<<<
[24-Mar-2022 09:41:31 Asia/Tokyo] デバッグ：「「「「「「「「「「「「「「「「「「「「「「「「「「「「「「「「「「「「「「「「
[24-Mar-2022 09:41:31 Asia/Tokyo] デバッグ：「　トップページ　
[24-Mar-2022 09:41:31 Asia/Tokyo] デバッグ：「「「「「「「「「「「「「「「「「「「「「「「「「「「「「「「「「「「「「「「「
[24-Mar-2022 09:41:31 Asia/Tokyo] デバッグ：>>>>>>>>>>>>>>>>>>>>>>>>>>>>>>>>>>>>>>>>>>>>>>>> 画面表示処理開始
[24-Mar-2022 09:41:31 Asia/Tokyo] デバッグ：セッションID：cuedd1enekc8kao4inbdhed405
[24-Mar-2022 09:41:31 Asia/Tokyo] デバッグ：セッション変数の中身：Array
(
    [login_date] => 1648081784
    [login_limit] => 3600
    [user_id] => 24
)

[24-Mar-2022 09:41:31 Asia/Tokyo] デバッグ：現在日時タイムスタンプ：1648082491
[24-Mar-2022 09:41:31 Asia/Tokyo] デバッグ：ログイン期限日時タイムスタンプ：1648085384
[24-Mar-2022 09:41:31 Asia/Tokyo] デバッグ：商品情報を取得します。
[24-Mar-2022 09:41:31 Asia/Tokyo] デバッグ：クエリ成功。
[24-Mar-2022 09:41:31 Asia/Tokyo] デバッグ：SQL：SELECT * FROM famous LIMIT 20 OFFSET 0
[24-Mar-2022 09:41:31 Asia/Tokyo] デバッグ：クエリ成功。
[24-Mar-2022 09:41:31 Asia/Tokyo] デバッグ：カテゴリー情報を取得します。
[24-Mar-2022 09:41:31 Asia/Tokyo] デバッグ：クエリ成功。
[24-Mar-2022 09:41:31 Asia/Tokyo] デバッグ：画面表示処理終了 <<<<<<<<<<<<<<<<<<<<<<<<<<<<<<<<<<<<<<<<<<<<<<<<
[24-Mar-2022 09:41:33 Asia/Tokyo] デバッグ：「「「「「「「「「「「「「「「「「「「「「「「「「「「「「「「「「「「「「「「「
[24-Mar-2022 09:41:33 Asia/Tokyo] デバッグ：「　ログアウトページ　
[24-Mar-2022 09:41:33 Asia/Tokyo] デバッグ：「「「「「「「「「「「「「「「「「「「「「「「「「「「「「「「「「「「「「「「「
[24-Mar-2022 09:41:33 Asia/Tokyo] デバッグ：>>>>>>>>>>>>>>>>>>>>>>>>>>>>>>>>>>>>>>>>>>>>>>>> 画面表示処理開始
[24-Mar-2022 09:41:33 Asia/Tokyo] デバッグ：セッションID：6qprfqeapnjogivgpl8pv10p9o
[24-Mar-2022 09:41:33 Asia/Tokyo] デバッグ：セッション変数の中身：Array
(
    [login_date] => 1648081784
    [login_limit] => 3600
    [user_id] => 24
)

[24-Mar-2022 09:41:33 Asia/Tokyo] デバッグ：現在日時タイムスタンプ：1648082493
[24-Mar-2022 09:41:33 Asia/Tokyo] デバッグ：ログイン期限日時タイムスタンプ：1648085384
[24-Mar-2022 09:41:33 Asia/Tokyo] デバッグ：ログアウトします。
[24-Mar-2022 09:41:33 Asia/Tokyo] デバッグ：ログインページへ遷移します。
[24-Mar-2022 09:41:33 Asia/Tokyo] デバッグ：「「「「「「「「「「「「「「「「「「「「「「「「「「「「「「「「「「「「「「「「
[24-Mar-2022 09:41:33 Asia/Tokyo] デバッグ：「　ログインページ　
[24-Mar-2022 09:41:33 Asia/Tokyo] デバッグ：「「「「「「「「「「「「「「「「「「「「「「「「「「「「「「「「「「「「「「「「
[24-Mar-2022 09:41:33 Asia/Tokyo] デバッグ：>>>>>>>>>>>>>>>>>>>>>>>>>>>>>>>>>>>>>>>>>>>>>>>> 画面表示処理開始
[24-Mar-2022 09:41:33 Asia/Tokyo] デバッグ：セッションID：g7h2d7lfbsa7cvkjm710ofeu2h
[24-Mar-2022 09:41:33 Asia/Tokyo] デバッグ：セッション変数の中身：Array
(
)

[24-Mar-2022 09:41:33 Asia/Tokyo] デバッグ：現在日時タイムスタンプ：1648082493
[24-Mar-2022 09:41:33 Asia/Tokyo] デバッグ：未ログインユーザーです。
[24-Mar-2022 09:41:33 Asia/Tokyo] デバッグ：画面表示処理終了 <<<<<<<<<<<<<<<<<<<<<<<<<<<<<<<<<<<<<<<<<<<<<<<<
[24-Mar-2022 10:01:43 Asia/Tokyo] デバッグ：「「「「「「「「「「「「「「「「「「「「「「「「「「「「「「「「「「「「「「「「
[24-Mar-2022 10:01:43 Asia/Tokyo] デバッグ：「　ログインページ　
[24-Mar-2022 10:01:43 Asia/Tokyo] デバッグ：「「「「「「「「「「「「「「「「「「「「「「「「「「「「「「「「「「「「「「「「
[24-Mar-2022 10:01:43 Asia/Tokyo] デバッグ：>>>>>>>>>>>>>>>>>>>>>>>>>>>>>>>>>>>>>>>>>>>>>>>> 画面表示処理開始
[24-Mar-2022 10:01:43 Asia/Tokyo] デバッグ：セッションID：lso0uvbtrg5naiu07ie53t54rs
[24-Mar-2022 10:01:43 Asia/Tokyo] デバッグ：セッション変数の中身：Array
(
)

[24-Mar-2022 10:01:43 Asia/Tokyo] デバッグ：現在日時タイムスタンプ：1648083703
[24-Mar-2022 10:01:43 Asia/Tokyo] デバッグ：未ログインユーザーです。
[24-Mar-2022 10:01:43 Asia/Tokyo] デバッグ：POST送信があります。
[24-Mar-2022 10:01:43 Asia/Tokyo] デバッグ：バリデーションOKです。
[24-Mar-2022 10:01:43 Asia/Tokyo] デバッグ：クエリ成功。
[24-Mar-2022 10:01:43 Asia/Tokyo] デバッグ：クエリ結果の中身：Array
(
    [password] => $2y$10$xCST12DR2JJT6dlKnCiVFetnGxy4bRI7a4DwkUsNq4UdcslDBfzNi
    [id] => 22
)

[24-Mar-2022 10:01:43 Asia/Tokyo] デバッグ：パスワードがマッチしました。
[24-Mar-2022 10:01:43 Asia/Tokyo] デバッグ：ログイン保持にチェックはありません。
[24-Mar-2022 10:01:43 Asia/Tokyo] デバッグ：セッション変数の中身：Array
(
    [login_date] => 1648083703
    [login_limit] => 3600
    [user_id] => 22
)

[24-Mar-2022 10:01:43 Asia/Tokyo] デバッグ：マイページへ遷移します。
[24-Mar-2022 10:01:43 Asia/Tokyo] デバッグ：画面表示処理終了 <<<<<<<<<<<<<<<<<<<<<<<<<<<<<<<<<<<<<<<<<<<<<<<<
[24-Mar-2022 10:01:43 Asia/Tokyo] デバッグ：「「「「「「「「「「「「「「「「「「「「「「「「「「「「「「「「「「「「「「「「
[24-Mar-2022 10:01:43 Asia/Tokyo] デバッグ：「　マイページ　
[24-Mar-2022 10:01:43 Asia/Tokyo] デバッグ：「「「「「「「「「「「「「「「「「「「「「「「「「「「「「「「「「「「「「「「「
[24-Mar-2022 10:01:43 Asia/Tokyo] デバッグ：>>>>>>>>>>>>>>>>>>>>>>>>>>>>>>>>>>>>>>>>>>>>>>>> 画面表示処理開始
[24-Mar-2022 10:01:43 Asia/Tokyo] デバッグ：セッションID：hln1l9s4noh9qsekp1k4l9h5pi
[24-Mar-2022 10:01:43 Asia/Tokyo] デバッグ：セッション変数の中身：Array
(
    [login_date] => 1648083703
    [login_limit] => 3600
    [user_id] => 22
)

[24-Mar-2022 10:01:43 Asia/Tokyo] デバッグ：現在日時タイムスタンプ：1648083703
[24-Mar-2022 10:01:43 Asia/Tokyo] デバッグ：ログイン期限日時タイムスタンプ：1648087303
[24-Mar-2022 10:01:43 Asia/Tokyo] デバッグ：ログイン済みユーザーです。
[24-Mar-2022 10:01:43 Asia/Tokyo] デバッグ：ログイン有効期限以内です。
[24-Mar-2022 10:01:43 Asia/Tokyo] デバッグ：自分の商品情報を取得します。
[24-Mar-2022 10:01:43 Asia/Tokyo] デバッグ：ユーザーID：22
[24-Mar-2022 10:01:43 Asia/Tokyo] デバッグ：クエリ成功。
[24-Mar-2022 10:01:43 Asia/Tokyo] デバッグ：取得した名所データ：Array
(
    [0] => Array
        (
            [id] => 5
            [name] => サンプル01
            [category_id] => 1
            [comment] => サンプルサンプルサンプルサンプルサンプルサンプルサンプルサンプルサンプルサンプルサンプルサンプルサンプルサンプルサンプルサンプルサンプルサンプルサンプルサンプル
            [pic1] => uploads/083729e06d7c96925469ab1ddb57790b2e957687.jpeg
            [pic2] => uploads/083729e06d7c96925469ab1ddb57790b2e957687.jpeg
            [pic3] => 
            [user_id] => 22
            [delete_flg] => 0
            [create_date] => 2022-03-17 00:27:02
            [update_date] => 2022-03-17 00:27:02
        )

    [1] => Array
        (
            [id] => 6
            [name] => サンプル2
            [category_id] => 3
            [comment] => サンプル2222

            [pic1] => uploads/6183db46312ee379326963a789df9f2286eb6b6a.jpeg
            [pic2] => uploads/6183db46312ee379326963a789df9f2286eb6b6a.jpeg
            [pic3] => uploads/6183db46312ee379326963a789df9f2286eb6b6a.jpeg
            [user_id] => 22
            [delete_flg] => 0
            [create_date] => 2022-03-17 13:48:09
            [update_date] => 2022-03-17 13:48:09
        )

)

[24-Mar-2022 10:01:43 Asia/Tokyo] デバッグ：画面表示処理終了 <<<<<<<<<<<<<<<<<<<<<<<<<<<<<<<<<<<<<<<<<<<<<<<<
[24-Mar-2022 10:01:53 Asia/Tokyo] デバッグ：「「「「「「「「「「「「「「「「「「「「「「「「「「「「「「「「「「「「「「「「
[24-Mar-2022 10:01:53 Asia/Tokyo] デバッグ：「　商品出品登録ページ　
[24-Mar-2022 10:01:53 Asia/Tokyo] デバッグ：「「「「「「「「「「「「「「「「「「「「「「「「「「「「「「「「「「「「「「「「
[24-Mar-2022 10:01:53 Asia/Tokyo] デバッグ：>>>>>>>>>>>>>>>>>>>>>>>>>>>>>>>>>>>>>>>>>>>>>>>> 画面表示処理開始
[24-Mar-2022 10:01:53 Asia/Tokyo] デバッグ：セッションID：4u6c4jmrj1d4vlcahho06vlr5l
[24-Mar-2022 10:01:53 Asia/Tokyo] デバッグ：セッション変数の中身：Array
(
    [login_date] => 1648083703
    [login_limit] => 3600
    [user_id] => 22
)

[24-Mar-2022 10:01:53 Asia/Tokyo] デバッグ：現在日時タイムスタンプ：1648083713
[24-Mar-2022 10:01:53 Asia/Tokyo] デバッグ：ログイン期限日時タイムスタンプ：1648087303
[24-Mar-2022 10:01:53 Asia/Tokyo] デバッグ：ログイン済みユーザーです。
[24-Mar-2022 10:01:53 Asia/Tokyo] デバッグ：ログイン有効期限以内です。
[24-Mar-2022 10:01:53 Asia/Tokyo] デバッグ：カテゴリー情報を取得します。
[24-Mar-2022 10:01:53 Asia/Tokyo] デバッグ：クエリ成功。
[24-Mar-2022 10:01:53 Asia/Tokyo] デバッグ：名所ID：
[24-Mar-2022 10:01:53 Asia/Tokyo] デバッグ：フォーム用DBデータ：
[24-Mar-2022 10:01:53 Asia/Tokyo] デバッグ：カテゴリデータ：Array
(
    [0] => Array
        (
            [id] => 1
            [name] => 市場
            [delete_flg] => 0
            [create_flg] => 2022-03-02 00:00:00
            [update_date] => 2022-03-02 14:16:39
        )

    [1] => Array
        (
            [id] => 2
            [name] => アミューズメント
            [delete_flg] => 0
            [create_flg] => 2022-03-02 00:00:00
            [update_date] => 2022-03-02 14:17:57
        )

    [2] => Array
        (
            [id] => 3
            [name] => 飲食店
            [delete_flg] => 0
            [create_flg] => 2022-03-02 00:00:00
            [update_date] => 2022-03-02 14:18:26
        )

    [3] => Array
        (
            [id] => 4
            [name] => 観光地
            [delete_flg] => 0
            [create_flg] => 2022-03-02 00:00:00
            [update_date] => 2022-03-02 14:18:38
        )

)

[24-Mar-2022 10:01:53 Asia/Tokyo] デバッグ：画面表示処理終了 <<<<<<<<<<<<<<<<<<<<<<<<<<<<<<<<<<<<<<<<<<<<<<<<<<<<<<<<<<<
[24-Mar-2022 10:02:56 Asia/Tokyo] デバッグ：「「「「「「「「「「「「「「「「「「「「「「「「「「「「「「「「「「「「「「「「
[24-Mar-2022 10:02:56 Asia/Tokyo] デバッグ：「　商品出品登録ページ　
[24-Mar-2022 10:02:56 Asia/Tokyo] デバッグ：「「「「「「「「「「「「「「「「「「「「「「「「「「「「「「「「「「「「「「「「
[24-Mar-2022 10:02:56 Asia/Tokyo] デバッグ：>>>>>>>>>>>>>>>>>>>>>>>>>>>>>>>>>>>>>>>>>>>>>>>> 画面表示処理開始
[24-Mar-2022 10:02:56 Asia/Tokyo] デバッグ：セッションID：qdpjnjeqoncvmg3tnhvggfrgb2
[24-Mar-2022 10:02:56 Asia/Tokyo] デバッグ：セッション変数の中身：Array
(
    [login_date] => 1648083713
    [login_limit] => 3600
    [user_id] => 22
)

[24-Mar-2022 10:02:56 Asia/Tokyo] デバッグ：現在日時タイムスタンプ：1648083776
[24-Mar-2022 10:02:56 Asia/Tokyo] デバッグ：ログイン期限日時タイムスタンプ：1648087313
[24-Mar-2022 10:02:56 Asia/Tokyo] デバッグ：ログイン済みユーザーです。
[24-Mar-2022 10:02:56 Asia/Tokyo] デバッグ：ログイン有効期限以内です。
[24-Mar-2022 10:02:56 Asia/Tokyo] デバッグ：カテゴリー情報を取得します。
[24-Mar-2022 10:02:56 Asia/Tokyo] デバッグ：クエリ成功。
[24-Mar-2022 10:02:56 Asia/Tokyo] デバッグ：名所ID：
[24-Mar-2022 10:02:56 Asia/Tokyo] デバッグ：フォーム用DBデータ：
[24-Mar-2022 10:02:56 Asia/Tokyo] デバッグ：カテゴリデータ：Array
(
    [0] => Array
        (
            [id] => 1
            [name] => 市場
            [delete_flg] => 0
            [create_flg] => 2022-03-02 00:00:00
            [update_date] => 2022-03-02 14:16:39
        )

    [1] => Array
        (
            [id] => 2
            [name] => アミューズメント
            [delete_flg] => 0
            [create_flg] => 2022-03-02 00:00:00
            [update_date] => 2022-03-02 14:17:57
        )

    [2] => Array
        (
            [id] => 3
            [name] => 飲食店
            [delete_flg] => 0
            [create_flg] => 2022-03-02 00:00:00
            [update_date] => 2022-03-02 14:18:26
        )

    [3] => Array
        (
            [id] => 4
            [name] => 観光地
            [delete_flg] => 0
            [create_flg] => 2022-03-02 00:00:00
            [update_date] => 2022-03-02 14:18:38
        )

)

[24-Mar-2022 10:02:56 Asia/Tokyo] デバッグ：POST送信があります。
[24-Mar-2022 10:02:56 Asia/Tokyo] デバッグ：POST情報：Array
(
    [name] => サンプル11
    [category_id] => 1
    [comment] => あああああああああああああああああああああ
    [MAX_FILE_SIZE] => 3145728
)

[24-Mar-2022 10:02:56 Asia/Tokyo] デバッグ：FILE情報：Array
(
    [pic1] => Array
        (
            [name] => 漫画館.jpeg
            [type] => image/jpeg
            [tmp_name] => /Applications/MAMP/tmp/php/phpe6k2Dt
            [error] => 0
            [size] => 5376
        )

    [pic2] => Array
        (
            [name] => 
            [type] => 
            [tmp_name] => 
            [error] => 4
            [size] => 0
        )

    [pic3] => Array
        (
            [name] => 
            [type] => 
            [tmp_name] => 
            [error] => 4
            [size] => 0
        )

)

[24-Mar-2022 10:02:56 Asia/Tokyo] デバッグ：画像アップロード処理開始
[24-Mar-2022 10:02:56 Asia/Tokyo] デバッグ：FILE情報：Array
(
    [name] => 漫画館.jpeg
    [type] => image/jpeg
    [tmp_name] => /Applications/MAMP/tmp/php/phpe6k2Dt
    [error] => 0
    [size] => 5376
)

[24-Mar-2022 10:02:56 Asia/Tokyo] デバッグ：ファイルは正常にアップロードされました
[24-Mar-2022 10:02:56 Asia/Tokyo] デバッグ：ファイルパス：uploads/c4690bfc71e50185b556f3bf80c805085213fa5b.jpeg
[24-Mar-2022 10:02:56 Asia/Tokyo] デバッグ：バリデーションOKです。
[24-Mar-2022 10:02:56 Asia/Tokyo] デバッグ：DB新規登録です。
[24-Mar-2022 10:02:56 Asia/Tokyo] デバッグ：SQL：insert into famous (name, category_id, comment, pic1, pic2, pic3, user_id, create_date ) values (:name, :category, :comment, :pic1, :pic2, :pic3, :u_id, :date)
[24-Mar-2022 10:02:56 Asia/Tokyo] デバッグ：流し込みデータ：Array
(
    [:name] => サンプル11
    [:category] => 1
    [:comment] => あああああああああああああああああああああ
    [:pic1] => uploads/c4690bfc71e50185b556f3bf80c805085213fa5b.jpeg
    [:pic2] => 
    [:pic3] => 
    [:u_id] => 22
    [:date] => 2022-03-24 10:02:56
)

[24-Mar-2022 10:02:56 Asia/Tokyo] デバッグ：クエリ成功。
[24-Mar-2022 10:02:56 Asia/Tokyo] デバッグ：マイページへ遷移します。
[24-Mar-2022 10:02:56 Asia/Tokyo] デバッグ：画面表示処理終了 <<<<<<<<<<<<<<<<<<<<<<<<<<<<<<<<<<<<<<<<<<<<<<<<<<<<<<<<<<<
[24-Mar-2022 10:02:56 Asia/Tokyo] デバッグ：「「「「「「「「「「「「「「「「「「「「「「「「「「「「「「「「「「「「「「「「
[24-Mar-2022 10:02:56 Asia/Tokyo] デバッグ：「　マイページ　
[24-Mar-2022 10:02:56 Asia/Tokyo] デバッグ：「「「「「「「「「「「「「「「「「「「「「「「「「「「「「「「「「「「「「「「「
[24-Mar-2022 10:02:56 Asia/Tokyo] デバッグ：>>>>>>>>>>>>>>>>>>>>>>>>>>>>>>>>>>>>>>>>>>>>>>>> 画面表示処理開始
[24-Mar-2022 10:02:56 Asia/Tokyo] デバッグ：セッションID：hcbb9k0c1feqg0avrr5sptgmnb
[24-Mar-2022 10:02:56 Asia/Tokyo] デバッグ：セッション変数の中身：Array
(
    [login_date] => 1648083776
    [login_limit] => 3600
    [user_id] => 22
    [msg_success] => 登録しました
)

[24-Mar-2022 10:02:56 Asia/Tokyo] デバッグ：現在日時タイムスタンプ：1648083776
[24-Mar-2022 10:02:56 Asia/Tokyo] デバッグ：ログイン期限日時タイムスタンプ：1648087376
[24-Mar-2022 10:02:56 Asia/Tokyo] デバッグ：ログイン済みユーザーです。
[24-Mar-2022 10:02:56 Asia/Tokyo] デバッグ：ログイン有効期限以内です。
[24-Mar-2022 10:02:56 Asia/Tokyo] デバッグ：自分の商品情報を取得します。
[24-Mar-2022 10:02:56 Asia/Tokyo] デバッグ：ユーザーID：22
[24-Mar-2022 10:02:56 Asia/Tokyo] デバッグ：クエリ成功。
[24-Mar-2022 10:02:56 Asia/Tokyo] デバッグ：取得した名所データ：Array
(
    [0] => Array
        (
            [id] => 5
            [name] => サンプル01
            [category_id] => 1
            [comment] => サンプルサンプルサンプルサンプルサンプルサンプルサンプルサンプルサンプルサンプルサンプルサンプルサンプルサンプルサンプルサンプルサンプルサンプルサンプルサンプル
            [pic1] => uploads/083729e06d7c96925469ab1ddb57790b2e957687.jpeg
            [pic2] => uploads/083729e06d7c96925469ab1ddb57790b2e957687.jpeg
            [pic3] => 
            [user_id] => 22
            [delete_flg] => 0
            [create_date] => 2022-03-17 00:27:02
            [update_date] => 2022-03-17 00:27:02
        )

    [1] => Array
        (
            [id] => 6
            [name] => サンプル2
            [category_id] => 3
            [comment] => サンプル2222

            [pic1] => uploads/6183db46312ee379326963a789df9f2286eb6b6a.jpeg
            [pic2] => uploads/6183db46312ee379326963a789df9f2286eb6b6a.jpeg
            [pic3] => uploads/6183db46312ee379326963a789df9f2286eb6b6a.jpeg
            [user_id] => 22
            [delete_flg] => 0
            [create_date] => 2022-03-17 13:48:09
            [update_date] => 2022-03-17 13:48:09
        )

    [2] => Array
        (
            [id] => 7
            [name] => サンプル11
            [category_id] => 1
            [comment] => あああああああああああああああああああああ
            [pic1] => uploads/c4690bfc71e50185b556f3bf80c805085213fa5b.jpeg
            [pic2] => 
            [pic3] => 
            [user_id] => 22
            [delete_flg] => 0
            [create_date] => 2022-03-24 10:02:56
            [update_date] => 2022-03-24 10:02:56
        )

)

[24-Mar-2022 10:02:56 Asia/Tokyo] デバッグ：画面表示処理終了 <<<<<<<<<<<<<<<<<<<<<<<<<<<<<<<<<<<<<<<<<<<<<<<<
[24-Mar-2022 10:03:07 Asia/Tokyo] デバッグ：「「「「「「「「「「「「「「「「「「「「「「「「「「「「「「「「「「「「「「「「
[24-Mar-2022 10:03:07 Asia/Tokyo] デバッグ：「　商品出品登録ページ　
[24-Mar-2022 10:03:07 Asia/Tokyo] デバッグ：「「「「「「「「「「「「「「「「「「「「「「「「「「「「「「「「「「「「「「「「
[24-Mar-2022 10:03:07 Asia/Tokyo] デバッグ：>>>>>>>>>>>>>>>>>>>>>>>>>>>>>>>>>>>>>>>>>>>>>>>> 画面表示処理開始
[24-Mar-2022 10:03:07 Asia/Tokyo] デバッグ：セッションID：99v36c2tahgo2h6s2tinke1g3a
[24-Mar-2022 10:03:07 Asia/Tokyo] デバッグ：セッション変数の中身：Array
(
    [login_date] => 1648083776
    [login_limit] => 3600
    [user_id] => 22
    [msg_success] => 
)

[24-Mar-2022 10:03:07 Asia/Tokyo] デバッグ：現在日時タイムスタンプ：1648083787
[24-Mar-2022 10:03:07 Asia/Tokyo] デバッグ：ログイン期限日時タイムスタンプ：1648087376
[24-Mar-2022 10:03:07 Asia/Tokyo] デバッグ：ログイン済みユーザーです。
[24-Mar-2022 10:03:07 Asia/Tokyo] デバッグ：ログイン有効期限以内です。
[24-Mar-2022 10:03:07 Asia/Tokyo] デバッグ：名所情報を取得します。
[24-Mar-2022 10:03:07 Asia/Tokyo] デバッグ：ユーザーID：22
[24-Mar-2022 10:03:07 Asia/Tokyo] デバッグ：名所ID：7
[24-Mar-2022 10:03:07 Asia/Tokyo] デバッグ：クエリ成功。
[24-Mar-2022 10:03:07 Asia/Tokyo] デバッグ：カテゴリー情報を取得します。
[24-Mar-2022 10:03:07 Asia/Tokyo] デバッグ：クエリ成功。
[24-Mar-2022 10:03:07 Asia/Tokyo] デバッグ：名所ID：7
[24-Mar-2022 10:03:07 Asia/Tokyo] デバッグ：フォーム用DBデータ：Array
(
    [id] => 7
    [name] => サンプル11
    [category_id] => 1
    [comment] => あああああああああああああああああああああ
    [pic1] => uploads/c4690bfc71e50185b556f3bf80c805085213fa5b.jpeg
    [pic2] => 
    [pic3] => 
    [user_id] => 22
    [delete_flg] => 0
    [create_date] => 2022-03-24 10:02:56
    [update_date] => 2022-03-24 10:02:56
)

[24-Mar-2022 10:03:07 Asia/Tokyo] デバッグ：カテゴリデータ：Array
(
    [0] => Array
        (
            [id] => 1
            [name] => 市場
            [delete_flg] => 0
            [create_flg] => 2022-03-02 00:00:00
            [update_date] => 2022-03-02 14:16:39
        )

    [1] => Array
        (
            [id] => 2
            [name] => アミューズメント
            [delete_flg] => 0
            [create_flg] => 2022-03-02 00:00:00
            [update_date] => 2022-03-02 14:17:57
        )

    [2] => Array
        (
            [id] => 3
            [name] => 飲食店
            [delete_flg] => 0
            [create_flg] => 2022-03-02 00:00:00
            [update_date] => 2022-03-02 14:18:26
        )

    [3] => Array
        (
            [id] => 4
            [name] => 観光地
            [delete_flg] => 0
            [create_flg] => 2022-03-02 00:00:00
            [update_date] => 2022-03-02 14:18:38
        )

)

[24-Mar-2022 10:03:07 Asia/Tokyo] デバッグ：画面表示処理終了 <<<<<<<<<<<<<<<<<<<<<<<<<<<<<<<<<<<<<<<<<<<<<<<<<<<<<<<<<<<
[24-Mar-2022 10:03:14 Asia/Tokyo] デバッグ：「「「「「「「「「「「「「「「「「「「「「「「「「「「「「「「「「「「「「「「「
[24-Mar-2022 10:03:14 Asia/Tokyo] デバッグ：「　トップページ　
[24-Mar-2022 10:03:14 Asia/Tokyo] デバッグ：「「「「「「「「「「「「「「「「「「「「「「「「「「「「「「「「「「「「「「「「
[24-Mar-2022 10:03:14 Asia/Tokyo] デバッグ：>>>>>>>>>>>>>>>>>>>>>>>>>>>>>>>>>>>>>>>>>>>>>>>> 画面表示処理開始
[24-Mar-2022 10:03:14 Asia/Tokyo] デバッグ：セッションID：lj2jtoin02l3t7bdq4ldb77kki
[24-Mar-2022 10:03:14 Asia/Tokyo] デバッグ：セッション変数の中身：Array
(
    [login_date] => 1648083787
    [login_limit] => 3600
    [user_id] => 22
    [msg_success] => 
)

[24-Mar-2022 10:03:14 Asia/Tokyo] デバッグ：現在日時タイムスタンプ：1648083794
[24-Mar-2022 10:03:14 Asia/Tokyo] デバッグ：ログイン期限日時タイムスタンプ：1648087387
[24-Mar-2022 10:03:14 Asia/Tokyo] デバッグ：商品情報を取得します。
[24-Mar-2022 10:03:14 Asia/Tokyo] デバッグ：クエリ成功。
[24-Mar-2022 10:03:14 Asia/Tokyo] デバッグ：SQL：SELECT * FROM famous LIMIT 20 OFFSET 0
[24-Mar-2022 10:03:14 Asia/Tokyo] デバッグ：クエリ成功。
[24-Mar-2022 10:03:14 Asia/Tokyo] デバッグ：カテゴリー情報を取得します。
[24-Mar-2022 10:03:14 Asia/Tokyo] デバッグ：クエリ成功。
[24-Mar-2022 10:03:14 Asia/Tokyo] デバッグ：画面表示処理終了 <<<<<<<<<<<<<<<<<<<<<<<<<<<<<<<<<<<<<<<<<<<<<<<<
[24-Mar-2022 10:03:37 Asia/Tokyo] デバッグ：「「「「「「「「「「「「「「「「「「「「「「「「「「「「「「「「「「「「「「「「
[24-Mar-2022 10:03:37 Asia/Tokyo] デバッグ：「　商品詳細ページ　
[24-Mar-2022 10:03:37 Asia/Tokyo] デバッグ：「「「「「「「「「「「「「「「「「「「「「「「「「「「「「「「「「「「「「「「「
[24-Mar-2022 10:03:37 Asia/Tokyo] デバッグ：>>>>>>>>>>>>>>>>>>>>>>>>>>>>>>>>>>>>>>>>>>>>>>>> 画面表示処理開始
[24-Mar-2022 10:03:37 Asia/Tokyo] デバッグ：セッションID：5jo3ednk2jf8ifadthtrr723e4
[24-Mar-2022 10:03:37 Asia/Tokyo] デバッグ：セッション変数の中身：Array
(
    [login_date] => 1648083787
    [login_limit] => 3600
    [user_id] => 22
    [msg_success] => 
)

[24-Mar-2022 10:03:37 Asia/Tokyo] デバッグ：現在日時タイムスタンプ：1648083817
[24-Mar-2022 10:03:37 Asia/Tokyo] デバッグ：ログイン期限日時タイムスタンプ：1648087387
[24-Mar-2022 10:03:37 Asia/Tokyo] デバッグ：名所情報を取得します。
[24-Mar-2022 10:03:37 Asia/Tokyo] デバッグ：名所ID:7
[24-Mar-2022 10:03:37 Asia/Tokyo] デバッグ：クエリ成功。
[24-Mar-2022 10:03:37 Asia/Tokyo] デバッグ：取得したDBデータ：Array
(
    [id] => 7
    [name] => サンプル11
    [comment] => あああああああああああああああああああああ
    [pic1] => uploads/c4690bfc71e50185b556f3bf80c805085213fa5b.jpeg
    [pic2] => 
    [pic3] => 
    [user_id] => 22
    [create_date] => 2022-03-24 10:02:56
    [update_date] => 2022-03-24 10:02:56
    [category] => 市場
)

[24-Mar-2022 10:03:37 Asia/Tokyo] デバッグ：画面表示処理終了 <<<<<<<<<<<<<<<<<<<<<<<<<<<<<<<<<<<<<<<<<<<<<<<<
[24-Mar-2022 10:03:37 Asia/Tokyo] デバッグ：お気に入り情報があるか確認します。
[24-Mar-2022 10:03:37 Asia/Tokyo] デバッグ：ユーザーID：22
[24-Mar-2022 10:03:37 Asia/Tokyo] デバッグ：商品ID：7
[24-Mar-2022 10:03:37 Asia/Tokyo] デバッグ：クエリ成功。
[24-Mar-2022 10:03:37 Asia/Tokyo] デバッグ：特に気に入ってません
[24-Mar-2022 10:03:56 Asia/Tokyo] デバッグ：「「「「「「「「「「「「「「「「「「「「「「「「「「「「「「「「「「「「「「「「
[24-Mar-2022 10:03:56 Asia/Tokyo] デバッグ：「　Ajax　
[24-Mar-2022 10:03:56 Asia/Tokyo] デバッグ：「「「「「「「「「「「「「「「「「「「「「「「「「「「「「「「「「「「「「「「「
[24-Mar-2022 10:03:56 Asia/Tokyo] デバッグ：>>>>>>>>>>>>>>>>>>>>>>>>>>>>>>>>>>>>>>>>>>>>>>>> 画面表示処理開始
[24-Mar-2022 10:03:56 Asia/Tokyo] デバッグ：セッションID：0j5tqc1pr66j411u37vuvdklda
[24-Mar-2022 10:03:56 Asia/Tokyo] デバッグ：セッション変数の中身：Array
(
    [login_date] => 1648083787
    [login_limit] => 3600
    [user_id] => 22
    [msg_success] => 
)

[24-Mar-2022 10:03:56 Asia/Tokyo] デバッグ：現在日時タイムスタンプ：1648083836
[24-Mar-2022 10:03:56 Asia/Tokyo] デバッグ：ログイン期限日時タイムスタンプ：1648087387
[24-Mar-2022 10:03:56 Asia/Tokyo] PHP Fatal error:  Uncaught Error: Call to undefined function isLogin() in /Applications/MAMP/htdocs/ishimakidokoro/ajaxLike.php:15
Stack trace:
#0 {main}
  thrown in /Applications/MAMP/htdocs/ishimakidokoro/ajaxLike.php on line 15
[24-Mar-2022 10:03:56 Asia/Tokyo] デバッグ：「「「「「「「「「「「「「「「「「「「「「「「「「「「「「「「「「「「「「「「「
[24-Mar-2022 10:03:56 Asia/Tokyo] デバッグ：「　Ajax　
[24-Mar-2022 10:03:56 Asia/Tokyo] デバッグ：「「「「「「「「「「「「「「「「「「「「「「「「「「「「「「「「「「「「「「「「
[24-Mar-2022 10:03:56 Asia/Tokyo] デバッグ：>>>>>>>>>>>>>>>>>>>>>>>>>>>>>>>>>>>>>>>>>>>>>>>> 画面表示処理開始
[24-Mar-2022 10:03:56 Asia/Tokyo] デバッグ：セッションID：5iqp8iou3863dtdsf1hrf456oj
[24-Mar-2022 10:03:56 Asia/Tokyo] デバッグ：セッション変数の中身：Array
(
    [login_date] => 1648083787
    [login_limit] => 3600
    [user_id] => 22
    [msg_success] => 
)

[24-Mar-2022 10:03:56 Asia/Tokyo] デバッグ：現在日時タイムスタンプ：1648083836
[24-Mar-2022 10:03:56 Asia/Tokyo] デバッグ：ログイン期限日時タイムスタンプ：1648087387
[24-Mar-2022 10:03:56 Asia/Tokyo] PHP Fatal error:  Uncaught Error: Call to undefined function isLogin() in /Applications/MAMP/htdocs/ishimakidokoro/ajaxLike.php:15
Stack trace:
#0 {main}
  thrown in /Applications/MAMP/htdocs/ishimakidokoro/ajaxLike.php on line 15
[24-Mar-2022 10:03:57 Asia/Tokyo] デバッグ：「「「「「「「「「「「「「「「「「「「「「「「「「「「「「「「「「「「「「「「「
[24-Mar-2022 10:03:57 Asia/Tokyo] デバッグ：「　Ajax　
[24-Mar-2022 10:03:57 Asia/Tokyo] デバッグ：「「「「「「「「「「「「「「「「「「「「「「「「「「「「「「「「「「「「「「「「
[24-Mar-2022 10:03:57 Asia/Tokyo] デバッグ：>>>>>>>>>>>>>>>>>>>>>>>>>>>>>>>>>>>>>>>>>>>>>>>> 画面表示処理開始
[24-Mar-2022 10:03:57 Asia/Tokyo] デバッグ：セッションID：iv0ph580srolvtrk4d3un9pq4f
[24-Mar-2022 10:03:57 Asia/Tokyo] デバッグ：セッション変数の中身：Array
(
    [login_date] => 1648083787
    [login_limit] => 3600
    [user_id] => 22
    [msg_success] => 
)

[24-Mar-2022 10:03:57 Asia/Tokyo] デバッグ：現在日時タイムスタンプ：1648083837
[24-Mar-2022 10:03:57 Asia/Tokyo] デバッグ：ログイン期限日時タイムスタンプ：1648087387
[24-Mar-2022 10:03:57 Asia/Tokyo] PHP Fatal error:  Uncaught Error: Call to undefined function isLogin() in /Applications/MAMP/htdocs/ishimakidokoro/ajaxLike.php:15
Stack trace:
#0 {main}
  thrown in /Applications/MAMP/htdocs/ishimakidokoro/ajaxLike.php on line 15
[24-Mar-2022 10:03:57 Asia/Tokyo] デバッグ：「「「「「「「「「「「「「「「「「「「「「「「「「「「「「「「「「「「「「「「「
[24-Mar-2022 10:03:57 Asia/Tokyo] デバッグ：「　Ajax　
[24-Mar-2022 10:03:57 Asia/Tokyo] デバッグ：「「「「「「「「「「「「「「「「「「「「「「「「「「「「「「「「「「「「「「「「
[24-Mar-2022 10:03:57 Asia/Tokyo] デバッグ：>>>>>>>>>>>>>>>>>>>>>>>>>>>>>>>>>>>>>>>>>>>>>>>> 画面表示処理開始
[24-Mar-2022 10:03:57 Asia/Tokyo] デバッグ：セッションID：ohp2ukkdhs3dlvi1ldq7ai4iqv
[24-Mar-2022 10:03:57 Asia/Tokyo] デバッグ：セッション変数の中身：Array
(
    [login_date] => 1648083787
    [login_limit] => 3600
    [user_id] => 22
    [msg_success] => 
)

[24-Mar-2022 10:03:57 Asia/Tokyo] デバッグ：現在日時タイムスタンプ：1648083837
[24-Mar-2022 10:03:57 Asia/Tokyo] デバッグ：ログイン期限日時タイムスタンプ：1648087387
[24-Mar-2022 10:03:57 Asia/Tokyo] PHP Fatal error:  Uncaught Error: Call to undefined function isLogin() in /Applications/MAMP/htdocs/ishimakidokoro/ajaxLike.php:15
Stack trace:
#0 {main}
  thrown in /Applications/MAMP/htdocs/ishimakidokoro/ajaxLike.php on line 15
[24-Mar-2022 10:04:04 Asia/Tokyo] デバッグ：「「「「「「「「「「「「「「「「「「「「「「「「「「「「「「「「「「「「「「「「
[24-Mar-2022 10:04:04 Asia/Tokyo] デバッグ：「　トップページ　
[24-Mar-2022 10:04:04 Asia/Tokyo] デバッグ：「「「「「「「「「「「「「「「「「「「「「「「「「「「「「「「「「「「「「「「「
[24-Mar-2022 10:04:04 Asia/Tokyo] デバッグ：>>>>>>>>>>>>>>>>>>>>>>>>>>>>>>>>>>>>>>>>>>>>>>>> 画面表示処理開始
[24-Mar-2022 10:04:04 Asia/Tokyo] デバッグ：セッションID：lr2lhfj2asd8vv0rf205ou98pm
[24-Mar-2022 10:04:04 Asia/Tokyo] デバッグ：セッション変数の中身：Array
(
    [login_date] => 1648083787
    [login_limit] => 3600
    [user_id] => 22
    [msg_success] => 
)

[24-Mar-2022 10:04:04 Asia/Tokyo] デバッグ：現在日時タイムスタンプ：1648083844
[24-Mar-2022 10:04:04 Asia/Tokyo] デバッグ：ログイン期限日時タイムスタンプ：1648087387
[24-Mar-2022 10:04:04 Asia/Tokyo] デバッグ：商品情報を取得します。
[24-Mar-2022 10:04:04 Asia/Tokyo] デバッグ：クエリ成功。
[24-Mar-2022 10:04:04 Asia/Tokyo] デバッグ：SQL：SELECT * FROM famous LIMIT 20 OFFSET 0
[24-Mar-2022 10:04:04 Asia/Tokyo] デバッグ：クエリ成功。
[24-Mar-2022 10:04:04 Asia/Tokyo] デバッグ：カテゴリー情報を取得します。
[24-Mar-2022 10:04:04 Asia/Tokyo] デバッグ：クエリ成功。
[24-Mar-2022 10:04:04 Asia/Tokyo] デバッグ：画面表示処理終了 <<<<<<<<<<<<<<<<<<<<<<<<<<<<<<<<<<<<<<<<<<<<<<<<
[24-Mar-2022 10:04:24 Asia/Tokyo] デバッグ：「「「「「「「「「「「「「「「「「「「「「「「「「「「「「「「「「「「「「「「「
[24-Mar-2022 10:04:24 Asia/Tokyo] デバッグ：「　トップページ　
[24-Mar-2022 10:04:24 Asia/Tokyo] デバッグ：「「「「「「「「「「「「「「「「「「「「「「「「「「「「「「「「「「「「「「「「
[24-Mar-2022 10:04:24 Asia/Tokyo] デバッグ：>>>>>>>>>>>>>>>>>>>>>>>>>>>>>>>>>>>>>>>>>>>>>>>> 画面表示処理開始
[24-Mar-2022 10:04:24 Asia/Tokyo] デバッグ：セッションID：m5coi9i8b5vo2pqno4tku9vamk
[24-Mar-2022 10:04:24 Asia/Tokyo] デバッグ：セッション変数の中身：Array
(
    [login_date] => 1648083787
    [login_limit] => 3600
    [user_id] => 22
    [msg_success] => 
)

[24-Mar-2022 10:04:24 Asia/Tokyo] デバッグ：現在日時タイムスタンプ：1648083864
[24-Mar-2022 10:04:24 Asia/Tokyo] デバッグ：ログイン期限日時タイムスタンプ：1648087387
[24-Mar-2022 10:04:24 Asia/Tokyo] デバッグ：商品情報を取得します。
[24-Mar-2022 10:04:24 Asia/Tokyo] デバッグ：クエリ成功。
[24-Mar-2022 10:04:24 Asia/Tokyo] デバッグ：SQL：SELECT * FROM famous WHERE category_id = 1 LIMIT 20 OFFSET 0
[24-Mar-2022 10:04:24 Asia/Tokyo] デバッグ：クエリ成功。
[24-Mar-2022 10:04:24 Asia/Tokyo] デバッグ：カテゴリー情報を取得します。
[24-Mar-2022 10:04:24 Asia/Tokyo] デバッグ：クエリ成功。
[24-Mar-2022 10:04:24 Asia/Tokyo] デバッグ：画面表示処理終了 <<<<<<<<<<<<<<<<<<<<<<<<<<<<<<<<<<<<<<<<<<<<<<<<
[24-Mar-2022 10:04:26 Asia/Tokyo] デバッグ：「「「「「「「「「「「「「「「「「「「「「「「「「「「「「「「「「「「「「「「「
[24-Mar-2022 10:04:26 Asia/Tokyo] デバッグ：「　商品詳細ページ　
[24-Mar-2022 10:04:26 Asia/Tokyo] デバッグ：「「「「「「「「「「「「「「「「「「「「「「「「「「「「「「「「「「「「「「「「
[24-Mar-2022 10:04:26 Asia/Tokyo] デバッグ：>>>>>>>>>>>>>>>>>>>>>>>>>>>>>>>>>>>>>>>>>>>>>>>> 画面表示処理開始
[24-Mar-2022 10:04:26 Asia/Tokyo] デバッグ：セッションID：tpo1snijanb68p5bjpmb68tjri
[24-Mar-2022 10:04:26 Asia/Tokyo] デバッグ：セッション変数の中身：Array
(
    [login_date] => 1648083787
    [login_limit] => 3600
    [user_id] => 22
    [msg_success] => 
)

[24-Mar-2022 10:04:26 Asia/Tokyo] デバッグ：現在日時タイムスタンプ：1648083866
[24-Mar-2022 10:04:26 Asia/Tokyo] デバッグ：ログイン期限日時タイムスタンプ：1648087387
[24-Mar-2022 10:04:26 Asia/Tokyo] デバッグ：名所情報を取得します。
[24-Mar-2022 10:04:26 Asia/Tokyo] デバッグ：名所ID:5
[24-Mar-2022 10:04:26 Asia/Tokyo] デバッグ：クエリ成功。
[24-Mar-2022 10:04:26 Asia/Tokyo] デバッグ：取得したDBデータ：Array
(
    [id] => 5
    [name] => サンプル01
    [comment] => サンプルサンプルサンプルサンプルサンプルサンプルサンプルサンプルサンプルサンプルサンプルサンプルサンプルサンプルサンプルサンプルサンプルサンプルサンプルサンプル
    [pic1] => uploads/083729e06d7c96925469ab1ddb57790b2e957687.jpeg
    [pic2] => uploads/083729e06d7c96925469ab1ddb57790b2e957687.jpeg
    [pic3] => 
    [user_id] => 22
    [create_date] => 2022-03-17 00:27:02
    [update_date] => 2022-03-17 00:27:02
    [category] => 市場
)

[24-Mar-2022 10:04:26 Asia/Tokyo] デバッグ：画面表示処理終了 <<<<<<<<<<<<<<<<<<<<<<<<<<<<<<<<<<<<<<<<<<<<<<<<
[24-Mar-2022 10:04:26 Asia/Tokyo] デバッグ：お気に入り情報があるか確認します。
[24-Mar-2022 10:04:26 Asia/Tokyo] デバッグ：ユーザーID：22
[24-Mar-2022 10:04:26 Asia/Tokyo] デバッグ：商品ID：5
[24-Mar-2022 10:04:26 Asia/Tokyo] デバッグ：クエリ成功。
[24-Mar-2022 10:04:26 Asia/Tokyo] デバッグ：特に気に入ってません
[24-Mar-2022 10:04:28 Asia/Tokyo] デバッグ：「「「「「「「「「「「「「「「「「「「「「「「「「「「「「「「「「「「「「「「「
[24-Mar-2022 10:04:28 Asia/Tokyo] デバッグ：「　トップページ　
[24-Mar-2022 10:04:28 Asia/Tokyo] デバッグ：「「「「「「「「「「「「「「「「「「「「「「「「「「「「「「「「「「「「「「「「
[24-Mar-2022 10:04:28 Asia/Tokyo] デバッグ：>>>>>>>>>>>>>>>>>>>>>>>>>>>>>>>>>>>>>>>>>>>>>>>> 画面表示処理開始
[24-Mar-2022 10:04:28 Asia/Tokyo] デバッグ：セッションID：1fd9uvlf6onuj5g6i7lapjo3sd
[24-Mar-2022 10:04:28 Asia/Tokyo] デバッグ：セッション変数の中身：Array
(
    [login_date] => 1648083787
    [login_limit] => 3600
    [user_id] => 22
    [msg_success] => 
)

[24-Mar-2022 10:04:28 Asia/Tokyo] デバッグ：現在日時タイムスタンプ：1648083868
[24-Mar-2022 10:04:28 Asia/Tokyo] デバッグ：ログイン期限日時タイムスタンプ：1648087387
[24-Mar-2022 10:04:28 Asia/Tokyo] デバッグ：商品情報を取得します。
[24-Mar-2022 10:04:28 Asia/Tokyo] デバッグ：クエリ成功。
[24-Mar-2022 10:04:28 Asia/Tokyo] デバッグ：SQL：SELECT * FROM famous WHERE category_id = 1 LIMIT 20 OFFSET 0
[24-Mar-2022 10:04:28 Asia/Tokyo] デバッグ：クエリ成功。
[24-Mar-2022 10:04:28 Asia/Tokyo] デバッグ：カテゴリー情報を取得します。
[24-Mar-2022 10:04:28 Asia/Tokyo] デバッグ：クエリ成功。
[24-Mar-2022 10:04:28 Asia/Tokyo] デバッグ：画面表示処理終了 <<<<<<<<<<<<<<<<<<<<<<<<<<<<<<<<<<<<<<<<<<<<<<<<
[24-Mar-2022 10:04:30 Asia/Tokyo] デバッグ：「「「「「「「「「「「「「「「「「「「「「「「「「「「「「「「「「「「「「「「「
[24-Mar-2022 10:04:30 Asia/Tokyo] デバッグ：「　トップページ　
[24-Mar-2022 10:04:30 Asia/Tokyo] デバッグ：「「「「「「「「「「「「「「「「「「「「「「「「「「「「「「「「「「「「「「「「
[24-Mar-2022 10:04:30 Asia/Tokyo] デバッグ：>>>>>>>>>>>>>>>>>>>>>>>>>>>>>>>>>>>>>>>>>>>>>>>> 画面表示処理開始
[24-Mar-2022 10:04:30 Asia/Tokyo] デバッグ：セッションID：c6bvu7cecgividhqp7b93qpk78
[24-Mar-2022 10:04:30 Asia/Tokyo] デバッグ：セッション変数の中身：Array
(
    [login_date] => 1648083787
    [login_limit] => 3600
    [user_id] => 22
    [msg_success] => 
)

[24-Mar-2022 10:04:30 Asia/Tokyo] デバッグ：現在日時タイムスタンプ：1648083870
[24-Mar-2022 10:04:30 Asia/Tokyo] デバッグ：ログイン期限日時タイムスタンプ：1648087387
[24-Mar-2022 10:04:30 Asia/Tokyo] デバッグ：商品情報を取得します。
[24-Mar-2022 10:04:30 Asia/Tokyo] デバッグ：クエリ成功。
[24-Mar-2022 10:04:30 Asia/Tokyo] デバッグ：SQL：SELECT * FROM famous WHERE category_id = 2 LIMIT 20 OFFSET 0
[24-Mar-2022 10:04:30 Asia/Tokyo] デバッグ：クエリ成功。
[24-Mar-2022 10:04:30 Asia/Tokyo] デバッグ：カテゴリー情報を取得します。
[24-Mar-2022 10:04:30 Asia/Tokyo] デバッグ：クエリ成功。
[24-Mar-2022 10:04:30 Asia/Tokyo] デバッグ：画面表示処理終了 <<<<<<<<<<<<<<<<<<<<<<<<<<<<<<<<<<<<<<<<<<<<<<<<
[24-Mar-2022 10:04:35 Asia/Tokyo] デバッグ：「「「「「「「「「「「「「「「「「「「「「「「「「「「「「「「「「「「「「「「「
[24-Mar-2022 10:04:35 Asia/Tokyo] デバッグ：「　トップページ　
[24-Mar-2022 10:04:35 Asia/Tokyo] デバッグ：「「「「「「「「「「「「「「「「「「「「「「「「「「「「「「「「「「「「「「「「
[24-Mar-2022 10:04:35 Asia/Tokyo] デバッグ：>>>>>>>>>>>>>>>>>>>>>>>>>>>>>>>>>>>>>>>>>>>>>>>> 画面表示処理開始
[24-Mar-2022 10:04:35 Asia/Tokyo] デバッグ：セッションID：ar9cgsst5sqv3ol8a8jdtlil9e
[24-Mar-2022 10:04:35 Asia/Tokyo] デバッグ：セッション変数の中身：Array
(
    [login_date] => 1648083787
    [login_limit] => 3600
    [user_id] => 22
    [msg_success] => 
)

[24-Mar-2022 10:04:35 Asia/Tokyo] デバッグ：現在日時タイムスタンプ：1648083875
[24-Mar-2022 10:04:35 Asia/Tokyo] デバッグ：ログイン期限日時タイムスタンプ：1648087387
[24-Mar-2022 10:04:35 Asia/Tokyo] デバッグ：商品情報を取得します。
[24-Mar-2022 10:04:35 Asia/Tokyo] デバッグ：クエリ成功。
[24-Mar-2022 10:04:35 Asia/Tokyo] デバッグ：SQL：SELECT * FROM famous WHERE category_id = 3 LIMIT 20 OFFSET 0
[24-Mar-2022 10:04:35 Asia/Tokyo] デバッグ：クエリ成功。
[24-Mar-2022 10:04:35 Asia/Tokyo] デバッグ：カテゴリー情報を取得します。
[24-Mar-2022 10:04:35 Asia/Tokyo] デバッグ：クエリ成功。
[24-Mar-2022 10:04:35 Asia/Tokyo] デバッグ：画面表示処理終了 <<<<<<<<<<<<<<<<<<<<<<<<<<<<<<<<<<<<<<<<<<<<<<<<
[27-Mar-2022 20:27:50 Asia/Tokyo] デバッグ：「「「「「「「「「「「「「「「「「「「「「「「「「「「「「「「「「「「「「「「「
[27-Mar-2022 20:27:50 Asia/Tokyo] デバッグ：「　マイページ　
[27-Mar-2022 20:27:50 Asia/Tokyo] デバッグ：「「「「「「「「「「「「「「「「「「「「「「「「「「「「「「「「「「「「「「「「
[27-Mar-2022 20:27:50 Asia/Tokyo] デバッグ：>>>>>>>>>>>>>>>>>>>>>>>>>>>>>>>>>>>>>>>>>>>>>>>> 画面表示処理開始
[27-Mar-2022 20:27:50 Asia/Tokyo] デバッグ：セッションID：cahu418emag54r5gkndiqcmq85
[27-Mar-2022 20:27:50 Asia/Tokyo] デバッグ：セッション変数の中身：Array
(
    [login_date] => 1648083787
    [login_limit] => 3600
    [user_id] => 22
    [msg_success] => 
)

[27-Mar-2022 20:27:50 Asia/Tokyo] デバッグ：現在日時タイムスタンプ：1648380470
[27-Mar-2022 20:27:50 Asia/Tokyo] デバッグ：ログイン期限日時タイムスタンプ：1648087387
[27-Mar-2022 20:27:50 Asia/Tokyo] デバッグ：ログイン済みユーザーです。
[27-Mar-2022 20:27:50 Asia/Tokyo] デバッグ：ログイン有効期限オーバーです。
[27-Mar-2022 20:27:50 Asia/Tokyo] デバッグ：自分の商品情報を取得します。
[27-Mar-2022 20:27:50 Asia/Tokyo] デバッグ：ユーザーID：22
[27-Mar-2022 20:27:50 Asia/Tokyo] デバッグ：クエリ成功。
[27-Mar-2022 20:27:50 Asia/Tokyo] デバッグ：取得した名所データ：Array
(
    [0] => Array
        (
            [id] => 5
            [name] => サンプル01
            [category_id] => 1
            [comment] => サンプルサンプルサンプルサンプルサンプルサンプルサンプルサンプルサンプルサンプルサンプルサンプルサンプルサンプルサンプルサンプルサンプルサンプルサンプルサンプル
            [pic1] => uploads/083729e06d7c96925469ab1ddb57790b2e957687.jpeg
            [pic2] => uploads/083729e06d7c96925469ab1ddb57790b2e957687.jpeg
            [pic3] => 
            [user_id] => 22
            [delete_flg] => 0
            [create_date] => 2022-03-17 00:27:02
            [update_date] => 2022-03-17 00:27:02
        )

    [1] => Array
        (
            [id] => 6
            [name] => サンプル2
            [category_id] => 3
            [comment] => サンプル2222

            [pic1] => uploads/6183db46312ee379326963a789df9f2286eb6b6a.jpeg
            [pic2] => uploads/6183db46312ee379326963a789df9f2286eb6b6a.jpeg
            [pic3] => uploads/6183db46312ee379326963a789df9f2286eb6b6a.jpeg
            [user_id] => 22
            [delete_flg] => 0
            [create_date] => 2022-03-17 13:48:09
            [update_date] => 2022-03-17 13:48:09
        )

    [2] => Array
        (
            [id] => 7
            [name] => サンプル11
            [category_id] => 1
            [comment] => あああああああああああああああああああああ
            [pic1] => uploads/c4690bfc71e50185b556f3bf80c805085213fa5b.jpeg
            [pic2] => 
            [pic3] => 
            [user_id] => 22
            [delete_flg] => 0
            [create_date] => 2022-03-24 10:02:56
            [update_date] => 2022-03-24 10:02:56
        )

)

[27-Mar-2022 20:27:50 Asia/Tokyo] デバッグ：画面表示処理終了 <<<<<<<<<<<<<<<<<<<<<<<<<<<<<<<<<<<<<<<<<<<<<<<<
[27-Mar-2022 20:27:50 Asia/Tokyo] デバッグ：「「「「「「「「「「「「「「「「「「「「「「「「「「「「「「「「「「「「「「「「
[27-Mar-2022 20:27:50 Asia/Tokyo] デバッグ：「　ログインページ　
[27-Mar-2022 20:27:50 Asia/Tokyo] デバッグ：「「「「「「「「「「「「「「「「「「「「「「「「「「「「「「「「「「「「「「「「
[27-Mar-2022 20:27:50 Asia/Tokyo] デバッグ：>>>>>>>>>>>>>>>>>>>>>>>>>>>>>>>>>>>>>>>>>>>>>>>> 画面表示処理開始
[27-Mar-2022 20:27:50 Asia/Tokyo] デバッグ：セッションID：8a128tc1kcnd3rb39179jr1i56
[27-Mar-2022 20:27:50 Asia/Tokyo] デバッグ：セッション変数の中身：Array
(
)

[27-Mar-2022 20:27:50 Asia/Tokyo] デバッグ：現在日時タイムスタンプ：1648380470
[27-Mar-2022 20:27:50 Asia/Tokyo] デバッグ：未ログインユーザーです。
[27-Mar-2022 20:27:50 Asia/Tokyo] デバッグ：画面表示処理終了 <<<<<<<<<<<<<<<<<<<<<<<<<<<<<<<<<<<<<<<<<<<<<<<<
[27-Mar-2022 20:27:51 Asia/Tokyo] デバッグ：「「「「「「「「「「「「「「「「「「「「「「「「「「「「「「「「「「「「「「「「
[27-Mar-2022 20:27:51 Asia/Tokyo] デバッグ：「　ログインページ　
[27-Mar-2022 20:27:51 Asia/Tokyo] デバッグ：「「「「「「「「「「「「「「「「「「「「「「「「「「「「「「「「「「「「「「「「
[27-Mar-2022 20:27:51 Asia/Tokyo] デバッグ：>>>>>>>>>>>>>>>>>>>>>>>>>>>>>>>>>>>>>>>>>>>>>>>> 画面表示処理開始
[27-Mar-2022 20:27:51 Asia/Tokyo] デバッグ：セッションID：5f0ckcq87got7ga7d9ptfrnu1t
[27-Mar-2022 20:27:51 Asia/Tokyo] デバッグ：セッション変数の中身：Array
(
)

[27-Mar-2022 20:27:51 Asia/Tokyo] デバッグ：現在日時タイムスタンプ：1648380471
[27-Mar-2022 20:27:51 Asia/Tokyo] デバッグ：未ログインユーザーです。
[27-Mar-2022 20:27:51 Asia/Tokyo] デバッグ：画面表示処理終了 <<<<<<<<<<<<<<<<<<<<<<<<<<<<<<<<<<<<<<<<<<<<<<<<
[27-Mar-2022 20:27:55 Asia/Tokyo] デバッグ：「「「「「「「「「「「「「「「「「「「「「「「「「「「「「「「「「「「「「「「「
[27-Mar-2022 20:27:55 Asia/Tokyo] デバッグ：「　ログインページ　
[27-Mar-2022 20:27:55 Asia/Tokyo] デバッグ：「「「「「「「「「「「「「「「「「「「「「「「「「「「「「「「「「「「「「「「「
[27-Mar-2022 20:27:55 Asia/Tokyo] デバッグ：>>>>>>>>>>>>>>>>>>>>>>>>>>>>>>>>>>>>>>>>>>>>>>>> 画面表示処理開始
[27-Mar-2022 20:27:55 Asia/Tokyo] デバッグ：セッションID：s75ol78hpkl94b0c471oq6et1v
[27-Mar-2022 20:27:55 Asia/Tokyo] デバッグ：セッション変数の中身：Array
(
)

[27-Mar-2022 20:27:55 Asia/Tokyo] デバッグ：現在日時タイムスタンプ：1648380475
[27-Mar-2022 20:27:55 Asia/Tokyo] デバッグ：未ログインユーザーです。
[27-Mar-2022 20:27:55 Asia/Tokyo] デバッグ：POST送信があります。
[27-Mar-2022 20:27:55 Asia/Tokyo] デバッグ：バリデーションOKです。
[27-Mar-2022 20:27:55 Asia/Tokyo] デバッグ：クエリ成功。
[27-Mar-2022 20:27:55 Asia/Tokyo] デバッグ：クエリ結果の中身：Array
(
    [password] => $2y$10$xCST12DR2JJT6dlKnCiVFetnGxy4bRI7a4DwkUsNq4UdcslDBfzNi
    [id] => 22
)

[27-Mar-2022 20:27:56 Asia/Tokyo] デバッグ：パスワードがマッチしました。
[27-Mar-2022 20:27:56 Asia/Tokyo] デバッグ：ログイン保持にチェックはありません。
[27-Mar-2022 20:27:56 Asia/Tokyo] デバッグ：セッション変数の中身：Array
(
    [login_date] => 1648380476
    [login_limit] => 3600
    [user_id] => 22
)

[27-Mar-2022 20:27:56 Asia/Tokyo] デバッグ：マイページへ遷移します。
[27-Mar-2022 20:27:56 Asia/Tokyo] デバッグ：画面表示処理終了 <<<<<<<<<<<<<<<<<<<<<<<<<<<<<<<<<<<<<<<<<<<<<<<<
[27-Mar-2022 20:27:56 Asia/Tokyo] デバッグ：「「「「「「「「「「「「「「「「「「「「「「「「「「「「「「「「「「「「「「「「
[27-Mar-2022 20:27:56 Asia/Tokyo] デバッグ：「　マイページ　
[27-Mar-2022 20:27:56 Asia/Tokyo] デバッグ：「「「「「「「「「「「「「「「「「「「「「「「「「「「「「「「「「「「「「「「「
[27-Mar-2022 20:27:56 Asia/Tokyo] デバッグ：>>>>>>>>>>>>>>>>>>>>>>>>>>>>>>>>>>>>>>>>>>>>>>>> 画面表示処理開始
[27-Mar-2022 20:27:56 Asia/Tokyo] デバッグ：セッションID：2injsakkkt5u2pfm3k7322c0hm
[27-Mar-2022 20:27:56 Asia/Tokyo] デバッグ：セッション変数の中身：Array
(
    [login_date] => 1648380476
    [login_limit] => 3600
    [user_id] => 22
)

[27-Mar-2022 20:27:56 Asia/Tokyo] デバッグ：現在日時タイムスタンプ：1648380476
[27-Mar-2022 20:27:56 Asia/Tokyo] デバッグ：ログイン期限日時タイムスタンプ：1648384076
[27-Mar-2022 20:27:56 Asia/Tokyo] デバッグ：ログイン済みユーザーです。
[27-Mar-2022 20:27:56 Asia/Tokyo] デバッグ：ログイン有効期限以内です。
[27-Mar-2022 20:27:56 Asia/Tokyo] デバッグ：自分の商品情報を取得します。
[27-Mar-2022 20:27:56 Asia/Tokyo] デバッグ：ユーザーID：22
[27-Mar-2022 20:27:56 Asia/Tokyo] デバッグ：クエリ成功。
[27-Mar-2022 20:27:56 Asia/Tokyo] デバッグ：取得した名所データ：Array
(
    [0] => Array
        (
            [id] => 5
            [name] => サンプル01
            [category_id] => 1
            [comment] => サンプルサンプルサンプルサンプルサンプルサンプルサンプルサンプルサンプルサンプルサンプルサンプルサンプルサンプルサンプルサンプルサンプルサンプルサンプルサンプル
            [pic1] => uploads/083729e06d7c96925469ab1ddb57790b2e957687.jpeg
            [pic2] => uploads/083729e06d7c96925469ab1ddb57790b2e957687.jpeg
            [pic3] => 
            [user_id] => 22
            [delete_flg] => 0
            [create_date] => 2022-03-17 00:27:02
            [update_date] => 2022-03-17 00:27:02
        )

    [1] => Array
        (
            [id] => 6
            [name] => サンプル2
            [category_id] => 3
            [comment] => サンプル2222

            [pic1] => uploads/6183db46312ee379326963a789df9f2286eb6b6a.jpeg
            [pic2] => uploads/6183db46312ee379326963a789df9f2286eb6b6a.jpeg
            [pic3] => uploads/6183db46312ee379326963a789df9f2286eb6b6a.jpeg
            [user_id] => 22
            [delete_flg] => 0
            [create_date] => 2022-03-17 13:48:09
            [update_date] => 2022-03-17 13:48:09
        )

    [2] => Array
        (
            [id] => 7
            [name] => サンプル11
            [category_id] => 1
            [comment] => あああああああああああああああああああああ
            [pic1] => uploads/c4690bfc71e50185b556f3bf80c805085213fa5b.jpeg
            [pic2] => 
            [pic3] => 
            [user_id] => 22
            [delete_flg] => 0
            [create_date] => 2022-03-24 10:02:56
            [update_date] => 2022-03-24 10:02:56
        )

)

[27-Mar-2022 20:27:56 Asia/Tokyo] デバッグ：画面表示処理終了 <<<<<<<<<<<<<<<<<<<<<<<<<<<<<<<<<<<<<<<<<<<<<<<<
[27-Mar-2022 20:28:02 Asia/Tokyo] デバッグ：「「「「「「「「「「「「「「「「「「「「「「「「「「「「「「「「「「「「「「「「
[27-Mar-2022 20:28:02 Asia/Tokyo] デバッグ：「　マイページ　
[27-Mar-2022 20:28:02 Asia/Tokyo] デバッグ：「「「「「「「「「「「「「「「「「「「「「「「「「「「「「「「「「「「「「「「「
[27-Mar-2022 20:28:02 Asia/Tokyo] デバッグ：>>>>>>>>>>>>>>>>>>>>>>>>>>>>>>>>>>>>>>>>>>>>>>>> 画面表示処理開始
[27-Mar-2022 20:28:02 Asia/Tokyo] デバッグ：セッションID：a949tfl2hp4m0g8h30411gmsio
[27-Mar-2022 20:28:02 Asia/Tokyo] デバッグ：セッション変数の中身：Array
(
    [login_date] => 1648380476
    [login_limit] => 3600
    [user_id] => 22
)

[27-Mar-2022 20:28:02 Asia/Tokyo] デバッグ：現在日時タイムスタンプ：1648380482
[27-Mar-2022 20:28:02 Asia/Tokyo] デバッグ：ログイン期限日時タイムスタンプ：1648384076
[27-Mar-2022 20:28:02 Asia/Tokyo] デバッグ：ログイン済みユーザーです。
[27-Mar-2022 20:28:02 Asia/Tokyo] デバッグ：ログイン有効期限以内です。
[27-Mar-2022 20:28:02 Asia/Tokyo] デバッグ：自分の商品情報を取得します。
[27-Mar-2022 20:28:02 Asia/Tokyo] デバッグ：ユーザーID：22
[27-Mar-2022 20:28:02 Asia/Tokyo] デバッグ：クエリ成功。
[27-Mar-2022 20:28:02 Asia/Tokyo] デバッグ：取得した名所データ：Array
(
    [0] => Array
        (
            [id] => 5
            [name] => サンプル01
            [category_id] => 1
            [comment] => サンプルサンプルサンプルサンプルサンプルサンプルサンプルサンプルサンプルサンプルサンプルサンプルサンプルサンプルサンプルサンプルサンプルサンプルサンプルサンプル
            [pic1] => uploads/083729e06d7c96925469ab1ddb57790b2e957687.jpeg
            [pic2] => uploads/083729e06d7c96925469ab1ddb57790b2e957687.jpeg
            [pic3] => 
            [user_id] => 22
            [delete_flg] => 0
            [create_date] => 2022-03-17 00:27:02
            [update_date] => 2022-03-17 00:27:02
        )

    [1] => Array
        (
            [id] => 6
            [name] => サンプル2
            [category_id] => 3
            [comment] => サンプル2222

            [pic1] => uploads/6183db46312ee379326963a789df9f2286eb6b6a.jpeg
            [pic2] => uploads/6183db46312ee379326963a789df9f2286eb6b6a.jpeg
            [pic3] => uploads/6183db46312ee379326963a789df9f2286eb6b6a.jpeg
            [user_id] => 22
            [delete_flg] => 0
            [create_date] => 2022-03-17 13:48:09
            [update_date] => 2022-03-17 13:48:09
        )

    [2] => Array
        (
            [id] => 7
            [name] => サンプル11
            [category_id] => 1
            [comment] => あああああああああああああああああああああ
            [pic1] => uploads/c4690bfc71e50185b556f3bf80c805085213fa5b.jpeg
            [pic2] => 
            [pic3] => 
            [user_id] => 22
            [delete_flg] => 0
            [create_date] => 2022-03-24 10:02:56
            [update_date] => 2022-03-24 10:02:56
        )

)

[27-Mar-2022 20:28:02 Asia/Tokyo] デバッグ：画面表示処理終了 <<<<<<<<<<<<<<<<<<<<<<<<<<<<<<<<<<<<<<<<<<<<<<<<
[27-Mar-2022 20:28:12 Asia/Tokyo] デバッグ：「「「「「「「「「「「「「「「「「「「「「「「「「「「「「「「「「「「「「「「「
[27-Mar-2022 20:28:12 Asia/Tokyo] デバッグ：「　マイページ　
[27-Mar-2022 20:28:12 Asia/Tokyo] デバッグ：「「「「「「「「「「「「「「「「「「「「「「「「「「「「「「「「「「「「「「「「
[27-Mar-2022 20:28:12 Asia/Tokyo] デバッグ：>>>>>>>>>>>>>>>>>>>>>>>>>>>>>>>>>>>>>>>>>>>>>>>> 画面表示処理開始
[27-Mar-2022 20:28:12 Asia/Tokyo] デバッグ：セッションID：00tda7qafsvocjl229tnlr5dpn
[27-Mar-2022 20:28:12 Asia/Tokyo] デバッグ：セッション変数の中身：Array
(
    [login_date] => 1648380482
    [login_limit] => 3600
    [user_id] => 22
)

[27-Mar-2022 20:28:12 Asia/Tokyo] デバッグ：現在日時タイムスタンプ：1648380492
[27-Mar-2022 20:28:12 Asia/Tokyo] デバッグ：ログイン期限日時タイムスタンプ：1648384082
[27-Mar-2022 20:28:12 Asia/Tokyo] デバッグ：ログイン済みユーザーです。
[27-Mar-2022 20:28:12 Asia/Tokyo] デバッグ：ログイン有効期限以内です。
[27-Mar-2022 20:28:12 Asia/Tokyo] デバッグ：自分の商品情報を取得します。
[27-Mar-2022 20:28:12 Asia/Tokyo] デバッグ：ユーザーID：22
[27-Mar-2022 20:28:12 Asia/Tokyo] デバッグ：クエリ成功。
[27-Mar-2022 20:28:12 Asia/Tokyo] デバッグ：取得した名所データ：Array
(
    [0] => Array
        (
            [id] => 5
            [name] => サンプル01
            [category_id] => 1
            [comment] => サンプルサンプルサンプルサンプルサンプルサンプルサンプルサンプルサンプルサンプルサンプルサンプルサンプルサンプルサンプルサンプルサンプルサンプルサンプルサンプル
            [pic1] => uploads/083729e06d7c96925469ab1ddb57790b2e957687.jpeg
            [pic2] => uploads/083729e06d7c96925469ab1ddb57790b2e957687.jpeg
            [pic3] => 
            [user_id] => 22
            [delete_flg] => 0
            [create_date] => 2022-03-17 00:27:02
            [update_date] => 2022-03-17 00:27:02
        )

    [1] => Array
        (
            [id] => 6
            [name] => サンプル2
            [category_id] => 3
            [comment] => サンプル2222

            [pic1] => uploads/6183db46312ee379326963a789df9f2286eb6b6a.jpeg
            [pic2] => uploads/6183db46312ee379326963a789df9f2286eb6b6a.jpeg
            [pic3] => uploads/6183db46312ee379326963a789df9f2286eb6b6a.jpeg
            [user_id] => 22
            [delete_flg] => 0
            [create_date] => 2022-03-17 13:48:09
            [update_date] => 2022-03-17 13:48:09
        )

    [2] => Array
        (
            [id] => 7
            [name] => サンプル11
            [category_id] => 1
            [comment] => あああああああああああああああああああああ
            [pic1] => uploads/c4690bfc71e50185b556f3bf80c805085213fa5b.jpeg
            [pic2] => 
            [pic3] => 
            [user_id] => 22
            [delete_flg] => 0
            [create_date] => 2022-03-24 10:02:56
            [update_date] => 2022-03-24 10:02:56
        )

)

[27-Mar-2022 20:28:12 Asia/Tokyo] デバッグ：画面表示処理終了 <<<<<<<<<<<<<<<<<<<<<<<<<<<<<<<<<<<<<<<<<<<<<<<<
[27-Mar-2022 20:28:19 Asia/Tokyo] デバッグ：「「「「「「「「「「「「「「「「「「「「「「「「「「「「「「「「「「「「「「「「
[27-Mar-2022 20:28:19 Asia/Tokyo] デバッグ：「　マイページ　
[27-Mar-2022 20:28:19 Asia/Tokyo] デバッグ：「「「「「「「「「「「「「「「「「「「「「「「「「「「「「「「「「「「「「「「「
[27-Mar-2022 20:28:19 Asia/Tokyo] デバッグ：>>>>>>>>>>>>>>>>>>>>>>>>>>>>>>>>>>>>>>>>>>>>>>>> 画面表示処理開始
[27-Mar-2022 20:28:19 Asia/Tokyo] デバッグ：セッションID：ra092t4jbr55hl8vto5bcq9np6
[27-Mar-2022 20:28:19 Asia/Tokyo] デバッグ：セッション変数の中身：Array
(
    [login_date] => 1648380492
    [login_limit] => 3600
    [user_id] => 22
)

[27-Mar-2022 20:28:19 Asia/Tokyo] デバッグ：現在日時タイムスタンプ：1648380499
[27-Mar-2022 20:28:19 Asia/Tokyo] デバッグ：ログイン期限日時タイムスタンプ：1648384092
[27-Mar-2022 20:28:19 Asia/Tokyo] デバッグ：ログイン済みユーザーです。
[27-Mar-2022 20:28:19 Asia/Tokyo] デバッグ：ログイン有効期限以内です。
[27-Mar-2022 20:28:19 Asia/Tokyo] デバッグ：自分の商品情報を取得します。
[27-Mar-2022 20:28:19 Asia/Tokyo] デバッグ：ユーザーID：22
[27-Mar-2022 20:28:19 Asia/Tokyo] デバッグ：クエリ成功。
[27-Mar-2022 20:28:19 Asia/Tokyo] デバッグ：取得した名所データ：Array
(
    [0] => Array
        (
            [id] => 5
            [name] => サンプル01
            [category_id] => 1
            [comment] => サンプルサンプルサンプルサンプルサンプルサンプルサンプルサンプルサンプルサンプルサンプルサンプルサンプルサンプルサンプルサンプルサンプルサンプルサンプルサンプル
            [pic1] => uploads/083729e06d7c96925469ab1ddb57790b2e957687.jpeg
            [pic2] => uploads/083729e06d7c96925469ab1ddb57790b2e957687.jpeg
            [pic3] => 
            [user_id] => 22
            [delete_flg] => 0
            [create_date] => 2022-03-17 00:27:02
            [update_date] => 2022-03-17 00:27:02
        )

    [1] => Array
        (
            [id] => 6
            [name] => サンプル2
            [category_id] => 3
            [comment] => サンプル2222

            [pic1] => uploads/6183db46312ee379326963a789df9f2286eb6b6a.jpeg
            [pic2] => uploads/6183db46312ee379326963a789df9f2286eb6b6a.jpeg
            [pic3] => uploads/6183db46312ee379326963a789df9f2286eb6b6a.jpeg
            [user_id] => 22
            [delete_flg] => 0
            [create_date] => 2022-03-17 13:48:09
            [update_date] => 2022-03-17 13:48:09
        )

    [2] => Array
        (
            [id] => 7
            [name] => サンプル11
            [category_id] => 1
            [comment] => あああああああああああああああああああああ
            [pic1] => uploads/c4690bfc71e50185b556f3bf80c805085213fa5b.jpeg
            [pic2] => 
            [pic3] => 
            [user_id] => 22
            [delete_flg] => 0
            [create_date] => 2022-03-24 10:02:56
            [update_date] => 2022-03-24 10:02:56
        )

)

[27-Mar-2022 20:28:19 Asia/Tokyo] デバッグ：画面表示処理終了 <<<<<<<<<<<<<<<<<<<<<<<<<<<<<<<<<<<<<<<<<<<<<<<<
[27-Mar-2022 20:28:26 Asia/Tokyo] デバッグ：「「「「「「「「「「「「「「「「「「「「「「「「「「「「「「「「「「「「「「「「
[27-Mar-2022 20:28:26 Asia/Tokyo] デバッグ：「　プロフィール編集ページ　
[27-Mar-2022 20:28:26 Asia/Tokyo] デバッグ：「「「「「「「「「「「「「「「「「「「「「「「「「「「「「「「「「「「「「「「「
[27-Mar-2022 20:28:26 Asia/Tokyo] デバッグ：>>>>>>>>>>>>>>>>>>>>>>>>>>>>>>>>>>>>>>>>>>>>>>>> 画面表示処理開始
[27-Mar-2022 20:28:26 Asia/Tokyo] デバッグ：セッションID：dqijonj82d45be3ake7s8gj45s
[27-Mar-2022 20:28:26 Asia/Tokyo] デバッグ：セッション変数の中身：Array
(
    [login_date] => 1648380499
    [login_limit] => 3600
    [user_id] => 22
)

[27-Mar-2022 20:28:26 Asia/Tokyo] デバッグ：現在日時タイムスタンプ：1648380506
[27-Mar-2022 20:28:26 Asia/Tokyo] デバッグ：ログイン期限日時タイムスタンプ：1648384099
[27-Mar-2022 20:28:26 Asia/Tokyo] デバッグ：ログイン済みユーザーです。
[27-Mar-2022 20:28:26 Asia/Tokyo] デバッグ：ログイン有効期限以内です。
[27-Mar-2022 20:28:26 Asia/Tokyo] デバッグ：ユーザー情報を取得します。
[27-Mar-2022 20:28:26 Asia/Tokyo] デバッグ：クエリ成功。
[27-Mar-2022 20:28:26 Asia/Tokyo] デバッグ：取得したユーザー情報：Array
(
    [id] => 22
    [username] => 
    [age] => 
    [tel] => 
    [zip] => 
    [addr] => 
    [email] => aaa@gmail.com
    [password] => $2y$10$xCST12DR2JJT6dlKnCiVFetnGxy4bRI7a4DwkUsNq4UdcslDBfzNi
    [delete_flg] => 0
    [login_time] => 2022-03-02
    [pic] => 
    [create_date] => 2022-03-02 13:33:47
    [update_date] => 2022-03-02 13:33:47
)

[27-Mar-2022 20:28:26 Asia/Tokyo] デバッグ：画面表示処理終了 <<<<<<<<<<<<<<<<<<<<<<<<<<<<<<<<<<<<<<<<<<<<<<<<
[27-Mar-2022 20:28:29 Asia/Tokyo] デバッグ：「「「「「「「「「「「「「「「「「「「「「「「「「「「「「「「「「「「「「「「「
[27-Mar-2022 20:28:29 Asia/Tokyo] デバッグ：「　マイページ　
[27-Mar-2022 20:28:29 Asia/Tokyo] デバッグ：「「「「「「「「「「「「「「「「「「「「「「「「「「「「「「「「「「「「「「「「
[27-Mar-2022 20:28:29 Asia/Tokyo] デバッグ：>>>>>>>>>>>>>>>>>>>>>>>>>>>>>>>>>>>>>>>>>>>>>>>> 画面表示処理開始
[27-Mar-2022 20:28:29 Asia/Tokyo] デバッグ：セッションID：fevkj3vqhfr8rjpr9s30epp7lk
[27-Mar-2022 20:28:29 Asia/Tokyo] デバッグ：セッション変数の中身：Array
(
    [login_date] => 1648380506
    [login_limit] => 3600
    [user_id] => 22
)

[27-Mar-2022 20:28:29 Asia/Tokyo] デバッグ：現在日時タイムスタンプ：1648380509
[27-Mar-2022 20:28:29 Asia/Tokyo] デバッグ：ログイン期限日時タイムスタンプ：1648384106
[27-Mar-2022 20:28:29 Asia/Tokyo] デバッグ：ログイン済みユーザーです。
[27-Mar-2022 20:28:29 Asia/Tokyo] デバッグ：ログイン有効期限以内です。
[27-Mar-2022 20:28:29 Asia/Tokyo] デバッグ：自分の商品情報を取得します。
[27-Mar-2022 20:28:29 Asia/Tokyo] デバッグ：ユーザーID：22
[27-Mar-2022 20:28:29 Asia/Tokyo] デバッグ：クエリ成功。
[27-Mar-2022 20:28:29 Asia/Tokyo] デバッグ：取得した名所データ：Array
(
    [0] => Array
        (
            [id] => 5
            [name] => サンプル01
            [category_id] => 1
            [comment] => サンプルサンプルサンプルサンプルサンプルサンプルサンプルサンプルサンプルサンプルサンプルサンプルサンプルサンプルサンプルサンプルサンプルサンプルサンプルサンプル
            [pic1] => uploads/083729e06d7c96925469ab1ddb57790b2e957687.jpeg
            [pic2] => uploads/083729e06d7c96925469ab1ddb57790b2e957687.jpeg
            [pic3] => 
            [user_id] => 22
            [delete_flg] => 0
            [create_date] => 2022-03-17 00:27:02
            [update_date] => 2022-03-17 00:27:02
        )

    [1] => Array
        (
            [id] => 6
            [name] => サンプル2
            [category_id] => 3
            [comment] => サンプル2222

            [pic1] => uploads/6183db46312ee379326963a789df9f2286eb6b6a.jpeg
            [pic2] => uploads/6183db46312ee379326963a789df9f2286eb6b6a.jpeg
            [pic3] => uploads/6183db46312ee379326963a789df9f2286eb6b6a.jpeg
            [user_id] => 22
            [delete_flg] => 0
            [create_date] => 2022-03-17 13:48:09
            [update_date] => 2022-03-17 13:48:09
        )

    [2] => Array
        (
            [id] => 7
            [name] => サンプル11
            [category_id] => 1
            [comment] => あああああああああああああああああああああ
            [pic1] => uploads/c4690bfc71e50185b556f3bf80c805085213fa5b.jpeg
            [pic2] => 
            [pic3] => 
            [user_id] => 22
            [delete_flg] => 0
            [create_date] => 2022-03-24 10:02:56
            [update_date] => 2022-03-24 10:02:56
        )

)

[27-Mar-2022 20:28:29 Asia/Tokyo] デバッグ：画面表示処理終了 <<<<<<<<<<<<<<<<<<<<<<<<<<<<<<<<<<<<<<<<<<<<<<<<
[27-Mar-2022 20:28:31 Asia/Tokyo] デバッグ：「「「「「「「「「「「「「「「「「「「「「「「「「「「「「「「「「「「「「「「「
[27-Mar-2022 20:28:31 Asia/Tokyo] デバッグ：「　パスワード変更ページ　
[27-Mar-2022 20:28:31 Asia/Tokyo] デバッグ：「「「「「「「「「「「「「「「「「「「「「「「「「「「「「「「「「「「「「「「「
[27-Mar-2022 20:28:31 Asia/Tokyo] デバッグ：>>>>>>>>>>>>>>>>>>>>>>>>>>>>>>>>>>>>>>>>>>>>>>>> 画面表示処理開始
[27-Mar-2022 20:28:31 Asia/Tokyo] デバッグ：セッションID：5mjbfegeqaj17iks0of1n7d1jt
[27-Mar-2022 20:28:31 Asia/Tokyo] デバッグ：セッション変数の中身：Array
(
    [login_date] => 1648380509
    [login_limit] => 3600
    [user_id] => 22
)

[27-Mar-2022 20:28:31 Asia/Tokyo] デバッグ：現在日時タイムスタンプ：1648380511
[27-Mar-2022 20:28:31 Asia/Tokyo] デバッグ：ログイン期限日時タイムスタンプ：1648384109
[27-Mar-2022 20:28:31 Asia/Tokyo] デバッグ：ログイン済みユーザーです。
[27-Mar-2022 20:28:31 Asia/Tokyo] デバッグ：ログイン有効期限以内です。
[27-Mar-2022 20:28:31 Asia/Tokyo] デバッグ：ユーザー情報を取得します。
[27-Mar-2022 20:28:31 Asia/Tokyo] デバッグ：クエリ成功。
[27-Mar-2022 20:28:31 Asia/Tokyo] デバッグ：取得したユーザー情報：Array
(
    [id] => 22
    [username] => 
    [age] => 
    [tel] => 
    [zip] => 
    [addr] => 
    [email] => aaa@gmail.com
    [password] => $2y$10$xCST12DR2JJT6dlKnCiVFetnGxy4bRI7a4DwkUsNq4UdcslDBfzNi
    [delete_flg] => 0
    [login_time] => 2022-03-02
    [pic] => 
    [create_date] => 2022-03-02 13:33:47
    [update_date] => 2022-03-02 13:33:47
)

[27-Mar-2022 20:28:33 Asia/Tokyo] デバッグ：「「「「「「「「「「「「「「「「「「「「「「「「「「「「「「「「「「「「「「「「
[27-Mar-2022 20:28:33 Asia/Tokyo] デバッグ：「　マイページ　
[27-Mar-2022 20:28:33 Asia/Tokyo] デバッグ：「「「「「「「「「「「「「「「「「「「「「「「「「「「「「「「「「「「「「「「「
[27-Mar-2022 20:28:33 Asia/Tokyo] デバッグ：>>>>>>>>>>>>>>>>>>>>>>>>>>>>>>>>>>>>>>>>>>>>>>>> 画面表示処理開始
[27-Mar-2022 20:28:33 Asia/Tokyo] デバッグ：セッションID：n9jca5q719c946fpha0f7uicbb
[27-Mar-2022 20:28:33 Asia/Tokyo] デバッグ：セッション変数の中身：Array
(
    [login_date] => 1648380511
    [login_limit] => 3600
    [user_id] => 22
)

[27-Mar-2022 20:28:33 Asia/Tokyo] デバッグ：現在日時タイムスタンプ：1648380513
[27-Mar-2022 20:28:33 Asia/Tokyo] デバッグ：ログイン期限日時タイムスタンプ：1648384111
[27-Mar-2022 20:28:33 Asia/Tokyo] デバッグ：ログイン済みユーザーです。
[27-Mar-2022 20:28:33 Asia/Tokyo] デバッグ：ログイン有効期限以内です。
[27-Mar-2022 20:28:33 Asia/Tokyo] デバッグ：自分の商品情報を取得します。
[27-Mar-2022 20:28:33 Asia/Tokyo] デバッグ：ユーザーID：22
[27-Mar-2022 20:28:33 Asia/Tokyo] デバッグ：クエリ成功。
[27-Mar-2022 20:28:33 Asia/Tokyo] デバッグ：取得した名所データ：Array
(
    [0] => Array
        (
            [id] => 5
            [name] => サンプル01
            [category_id] => 1
            [comment] => サンプルサンプルサンプルサンプルサンプルサンプルサンプルサンプルサンプルサンプルサンプルサンプルサンプルサンプルサンプルサンプルサンプルサンプルサンプルサンプル
            [pic1] => uploads/083729e06d7c96925469ab1ddb57790b2e957687.jpeg
            [pic2] => uploads/083729e06d7c96925469ab1ddb57790b2e957687.jpeg
            [pic3] => 
            [user_id] => 22
            [delete_flg] => 0
            [create_date] => 2022-03-17 00:27:02
            [update_date] => 2022-03-17 00:27:02
        )

    [1] => Array
        (
            [id] => 6
            [name] => サンプル2
            [category_id] => 3
            [comment] => サンプル2222

            [pic1] => uploads/6183db46312ee379326963a789df9f2286eb6b6a.jpeg
            [pic2] => uploads/6183db46312ee379326963a789df9f2286eb6b6a.jpeg
            [pic3] => uploads/6183db46312ee379326963a789df9f2286eb6b6a.jpeg
            [user_id] => 22
            [delete_flg] => 0
            [create_date] => 2022-03-17 13:48:09
            [update_date] => 2022-03-17 13:48:09
        )

    [2] => Array
        (
            [id] => 7
            [name] => サンプル11
            [category_id] => 1
            [comment] => あああああああああああああああああああああ
            [pic1] => uploads/c4690bfc71e50185b556f3bf80c805085213fa5b.jpeg
            [pic2] => 
            [pic3] => 
            [user_id] => 22
            [delete_flg] => 0
            [create_date] => 2022-03-24 10:02:56
            [update_date] => 2022-03-24 10:02:56
        )

)

[27-Mar-2022 20:28:33 Asia/Tokyo] デバッグ：画面表示処理終了 <<<<<<<<<<<<<<<<<<<<<<<<<<<<<<<<<<<<<<<<<<<<<<<<
[27-Mar-2022 20:28:41 Asia/Tokyo] デバッグ：「「「「「「「「「「「「「「「「「「「「「「「「「「「「「「「「「「「「「「「「
[27-Mar-2022 20:28:41 Asia/Tokyo] デバッグ：「　マイページ　
[27-Mar-2022 20:28:41 Asia/Tokyo] デバッグ：「「「「「「「「「「「「「「「「「「「「「「「「「「「「「「「「「「「「「「「「
[27-Mar-2022 20:28:41 Asia/Tokyo] デバッグ：>>>>>>>>>>>>>>>>>>>>>>>>>>>>>>>>>>>>>>>>>>>>>>>> 画面表示処理開始
[27-Mar-2022 20:28:41 Asia/Tokyo] デバッグ：セッションID：sl3uv1btak50rg1d7kkhmg82jp
[27-Mar-2022 20:28:41 Asia/Tokyo] デバッグ：セッション変数の中身：Array
(
    [login_date] => 1648380513
    [login_limit] => 3600
    [user_id] => 22
)

[27-Mar-2022 20:28:41 Asia/Tokyo] デバッグ：現在日時タイムスタンプ：1648380521
[27-Mar-2022 20:28:41 Asia/Tokyo] デバッグ：ログイン期限日時タイムスタンプ：1648384113
[27-Mar-2022 20:28:41 Asia/Tokyo] デバッグ：ログイン済みユーザーです。
[27-Mar-2022 20:28:41 Asia/Tokyo] デバッグ：ログイン有効期限以内です。
[27-Mar-2022 20:28:41 Asia/Tokyo] デバッグ：自分の商品情報を取得します。
[27-Mar-2022 20:28:41 Asia/Tokyo] デバッグ：ユーザーID：22
[27-Mar-2022 20:28:41 Asia/Tokyo] デバッグ：クエリ成功。
[27-Mar-2022 20:28:41 Asia/Tokyo] デバッグ：取得した名所データ：Array
(
    [0] => Array
        (
            [id] => 5
            [name] => サンプル01
            [category_id] => 1
            [comment] => サンプルサンプルサンプルサンプルサンプルサンプルサンプルサンプルサンプルサンプルサンプルサンプルサンプルサンプルサンプルサンプルサンプルサンプルサンプルサンプル
            [pic1] => uploads/083729e06d7c96925469ab1ddb57790b2e957687.jpeg
            [pic2] => uploads/083729e06d7c96925469ab1ddb57790b2e957687.jpeg
            [pic3] => 
            [user_id] => 22
            [delete_flg] => 0
            [create_date] => 2022-03-17 00:27:02
            [update_date] => 2022-03-17 00:27:02
        )

    [1] => Array
        (
            [id] => 6
            [name] => サンプル2
            [category_id] => 3
            [comment] => サンプル2222

            [pic1] => uploads/6183db46312ee379326963a789df9f2286eb6b6a.jpeg
            [pic2] => uploads/6183db46312ee379326963a789df9f2286eb6b6a.jpeg
            [pic3] => uploads/6183db46312ee379326963a789df9f2286eb6b6a.jpeg
            [user_id] => 22
            [delete_flg] => 0
            [create_date] => 2022-03-17 13:48:09
            [update_date] => 2022-03-17 13:48:09
        )

    [2] => Array
        (
            [id] => 7
            [name] => サンプル11
            [category_id] => 1
            [comment] => あああああああああああああああああああああ
            [pic1] => uploads/c4690bfc71e50185b556f3bf80c805085213fa5b.jpeg
            [pic2] => 
            [pic3] => 
            [user_id] => 22
            [delete_flg] => 0
            [create_date] => 2022-03-24 10:02:56
            [update_date] => 2022-03-24 10:02:56
        )

)

[27-Mar-2022 20:28:41 Asia/Tokyo] デバッグ：画面表示処理終了 <<<<<<<<<<<<<<<<<<<<<<<<<<<<<<<<<<<<<<<<<<<<<<<<
